#
# There is insufficient memory for the Java Runtime Environment to continue.
# Native memory allocation (mmap) failed to map 524288000 bytes for committing reserved memory.
# Possible reasons:
#   The system is out of physical RAM or swap space
#   The process is running with CompressedOops enabled, and the Java Heap may be blocking the growth of the native heap
# Possible solutions:
#   Reduce memory load on the system
#   Increase physical memory or swap space
#   Check if swap backing store is full
#   Decrease Java heap size (-Xmx/-Xms)
#   Decrease number of Java threads
#   Decrease Java thread stack sizes (-Xss)
#   Set larger code cache with -XX:ReservedCodeCacheSize=
# This output file may be truncated or incomplete.
#
#  Out of Memory Error (os_linux.cpp:2830), pid=29190, tid=29191
#
# JRE version:  (11.0.5+10) (build )
# Java VM: OpenJDK 64-Bit Server VM (11.0.5+10-b520.38, mixed mode, aot, sharing, tiered, compressed oops, g1 gc, linux-amd64)
# Core dump will be written. Default location: Core dumps may be processed with "/lib/systemd/systemd-coredump %P %u %g %s %t 9223372036854775808 %e" (or dumping to /home/cindyfu/Documents/tusv_extension/core.29190)
#

---------------  S U M M A R Y ------------

Command Line: org.jetbrains.git4idea.http.GitAskPassApp Username for 'https://github.com': 

Host: Intel(R) Core(TM) i9-9900 CPU @ 3.10GHz, 16 cores, 31G, Linux Mint 19.3 Tricia
Time: Wed Jan  6 15:14:50 2021 EST elapsed time: 0 seconds (0d 0h 0m 0s)

---------------  T H R E A D  ---------------

Current thread (0x00007f28cc015000):  JavaThread "Unknown thread" [_thread_in_vm, id=29191, stack(0x00007f28d2c81000,0x00007f28d2d82000)]

Stack: [0x00007f28d2c81000,0x00007f28d2d82000],  sp=0x00007f28d2d80230,  free space=1020k
Native frames: (J=compiled Java code, A=aot compiled Java code, j=interpreted, Vv=VM code, C=native code)
V  [libjvm.so+0xd9edfa]  VMError::report_and_die(int, char const*, char const*, __va_list_tag*, Thread*, unsigned char*, void*, void*, char const*, int, unsigned long)+0x18a
V  [libjvm.so+0xd9fc93]  VMError::report_and_die(Thread*, char const*, int, unsigned long, VMErrorType, char const*, __va_list_tag*)+0x43
V  [libjvm.so+0x697ae8]  report_vm_out_of_memory(char const*, int, unsigned long, VMErrorType, char const*, ...)+0xe8
V  [libjvm.so+0xba5539]  os::pd_commit_memory_or_exit(char*, unsigned long, unsigned long, bool, char const*)+0xe9
V  [libjvm.so+0xb9d46d]  os::commit_memory_or_exit(char*, unsigned long, unsigned long, bool, char const*)+0x1d
V  [libjvm.so+0x79f2a1]  G1PageBasedVirtualSpace::commit_preferred_pages(unsigned long, unsigned long)+0x71
V  [libjvm.so+0x79f3f5]  G1PageBasedVirtualSpace::commit_internal(unsigned long, unsigned long)+0x85
V  [libjvm.so+0x79f5ea]  G1PageBasedVirtualSpace::commit(unsigned long, unsigned long)+0x10a
V  [libjvm.so+0x7a6e86]  G1RegionsLargerThanCommitSizeMapper::commit_regions(unsigned int, unsigned long, WorkGang*)+0x46
V  [libjvm.so+0x80fe08]  HeapRegionManager::commit_regions(unsigned int, unsigned long, WorkGang*)+0x88
V  [libjvm.so+0x810964]  HeapRegionManager::make_regions_available(unsigned int, unsigned int, WorkGang*)+0x34
V  [libjvm.so+0x810e69]  HeapRegionManager::expand_by(unsigned int, WorkGang*)+0x79
V  [libjvm.so+0x762c60]  G1CollectedHeap::expand(unsigned long, WorkGang*, double*)+0xc0
V  [libjvm.so+0x763355]  G1CollectedHeap::initialize()+0x695
V  [libjvm.so+0xd62501]  Universe::initialize_heap()+0x41
V  [libjvm.so+0xd627b1]  universe_init()+0x41
V  [libjvm.so+0x82dadf]  init_globals()+0x5f
V  [libjvm.so+0xd394d4]  Threads::create_vm(JavaVMInitArgs*, bool*)+0x314
V  [libjvm.so+0x8d5006]  JNI_CreateJavaVM+0x56
C  [libjli.so+0x4814]  JavaMain+0x84


---------------  P R O C E S S  ---------------

Threads class SMR info:
_java_thread_list=0x0000000001c65220, length=0, elements={
}

Java Threads: ( => current thread )

Other Threads:
  0x00007f28cc02e800 GCTaskThread "GC Thread#0" [stack: 0x00007f28b7bb3000,0x00007f28b7cb3000] [id=29192]
  0x00007f28cc069000 ConcurrentGCThread "G1 Main Marker" [stack: 0x00007f28b4ce5000,0x00007f28b4de5000] [id=29193]
  0x00007f28cc06b000 ConcurrentGCThread "G1 Conc#0" [stack: 0x00007f28b4be3000,0x00007f28b4ce3000] [id=29194]

[error occurred during error reporting (printing all threads), id 0xb, SIGSEGV (0xb) at pc=0x00007f28d12adfd5]

VM state:not at safepoint (not fully initialized)

VM Mutex/Monitor currently owned by a thread:  ([mutex/lock_event])
[0x00007f28cc011c40] Heap_lock - owner thread: 0x00007f28cc015000

Heap address: 0x000000060c000000, size: 8000 MB, Compressed Oops mode: Non-zero based: 0x000000060c000000
Narrow klass base: 0x0000000000000000, Narrow klass shift: 0

GC Heap History (0 events):
No events

Deoptimization events (0 events):
No events

Classes redefined (0 events):
No events

Internal exceptions (0 events):
No events

Events (1 events):
Event: 0.009 Protecting memory [0x00007f28d2c81000,0x00007f28d2c85000] with protection modes 0


Dynamic libraries:
00400000-00401000 r-xp 00000000 103:06 4065735                           /home/cindyfu/.local/share/JetBrains/Toolbox/apps/PyCharm-P/ch-0/193.6494.30/jbr/bin/java
00601000-00602000 r--p 00001000 103:06 4065735                           /home/cindyfu/.local/share/JetBrains/Toolbox/apps/PyCharm-P/ch-0/193.6494.30/jbr/bin/java
00602000-00603000 rw-p 00002000 103:06 4065735                           /home/cindyfu/.local/share/JetBrains/Toolbox/apps/PyCharm-P/ch-0/193.6494.30/jbr/bin/java
01c4d000-01c6e000 rw-p 00000000 00:00 0                                  [heap]
62b400000-800000000 ---p 00000000 00:00 0 
7f2890000000-7f2890021000 rw-p 00000000 00:00 0 
7f2890021000-7f2894000000 ---p 00000000 00:00 0 
7f2898000000-7f2898021000 rw-p 00000000 00:00 0 
7f2898021000-7f289c000000 ---p 00000000 00:00 0 
7f289d0d7000-7f289f660000 rw-p 00000000 00:00 0 
7f289f660000-7f28b0000000 ---p 00000000 00:00 0 
7f28b0000000-7f28b0021000 rw-p 00000000 00:00 0 
7f28b0021000-7f28b4000000 ---p 00000000 00:00 0 
7f28b40d6000-7f28b4be1000 rw-p 00000000 00:00 0 
7f28b4be1000-7f28b4be2000 ---p 00000000 00:00 0 
7f28b4be2000-7f28b4ce3000 rw-p 00000000 00:00 0 
7f28b4ce3000-7f28b4ce4000 ---p 00000000 00:00 0 
7f28b4ce4000-7f28b4f64000 rw-p 00000000 00:00 0 
7f28b4f64000-7f28b6ea4000 ---p 00000000 00:00 0 
7f28b6ea4000-7f28b7bb1000 rw-p 00000000 00:00 0 
7f28b7bb1000-7f28b7bb2000 ---p 00000000 00:00 0 
7f28b7bb2000-7f28b7cb3000 rw-p 00000000 00:00 0 
7f28b7cb3000-7f28b7f23000 rwxp 00000000 00:00 0 
7f28b7f23000-7f28b83f2000 ---p 00000000 00:00 0 
7f28b83f2000-7f28b8662000 rwxp 00000000 00:00 0 
7f28b8662000-7f28bf852000 ---p 00000000 00:00 0 
7f28bf852000-7f28bfac2000 rwxp 00000000 00:00 0 
7f28bfac2000-7f28c6cb3000 ---p 00000000 00:00 0 
7f28c6cb3000-7f28cad6d000 r--s 00000000 103:06 4197371                   /home/cindyfu/.local/share/JetBrains/Toolbox/apps/PyCharm-P/ch-0/193.6494.30/jbr/lib/modules
7f28cad6d000-7f28cad72000 r-xp 00000000 103:06 4197349                   /home/cindyfu/.local/share/JetBrains/Toolbox/apps/PyCharm-P/ch-0/193.6494.30/jbr/lib/libjimage.so
7f28cad72000-7f28caf72000 ---p 00005000 103:06 4197349                   /home/cindyfu/.local/share/JetBrains/Toolbox/apps/PyCharm-P/ch-0/193.6494.30/jbr/lib/libjimage.so
7f28caf72000-7f28caf73000 r--p 00005000 103:06 4197349                   /home/cindyfu/.local/share/JetBrains/Toolbox/apps/PyCharm-P/ch-0/193.6494.30/jbr/lib/libjimage.so
7f28caf73000-7f28caf74000 rw-p 00006000 103:06 4197349                   /home/cindyfu/.local/share/JetBrains/Toolbox/apps/PyCharm-P/ch-0/193.6494.30/jbr/lib/libjimage.so
7f28caf74000-7f28caf7b000 r-xp 00000000 103:06 4197370                   /home/cindyfu/.local/share/JetBrains/Toolbox/apps/PyCharm-P/ch-0/193.6494.30/jbr/lib/libzip.so
7f28caf7b000-7f28cb17a000 ---p 00007000 103:06 4197370                   /home/cindyfu/.local/share/JetBrains/Toolbox/apps/PyCharm-P/ch-0/193.6494.30/jbr/lib/libzip.so
7f28cb17a000-7f28cb17b000 r--p 00006000 103:06 4197370                   /home/cindyfu/.local/share/JetBrains/Toolbox/apps/PyCharm-P/ch-0/193.6494.30/jbr/lib/libzip.so
7f28cb17b000-7f28cb17c000 rw-p 00007000 103:06 4197370                   /home/cindyfu/.local/share/JetBrains/Toolbox/apps/PyCharm-P/ch-0/193.6494.30/jbr/lib/libzip.so
7f28cb17c000-7f28cb187000 r-xp 00000000 103:05 1314356                   /lib/x86_64-linux-gnu/libnss_files-2.27.so
7f28cb187000-7f28cb386000 ---p 0000b000 103:05 1314356                   /lib/x86_64-linux-gnu/libnss_files-2.27.so
7f28cb386000-7f28cb387000 r--p 0000a000 103:05 1314356                   /lib/x86_64-linux-gnu/libnss_files-2.27.so
7f28cb387000-7f28cb388000 rw-p 0000b000 103:05 1314356                   /lib/x86_64-linux-gnu/libnss_files-2.27.so
7f28cb388000-7f28cb38e000 rw-p 00000000 00:00 0 
7f28cb38e000-7f28cb3a5000 r-xp 00000000 103:05 1314350                   /lib/x86_64-linux-gnu/libnsl-2.27.so
7f28cb3a5000-7f28cb5a4000 ---p 00017000 103:05 1314350                   /lib/x86_64-linux-gnu/libnsl-2.27.so
7f28cb5a4000-7f28cb5a5000 r--p 00016000 103:05 1314350                   /lib/x86_64-linux-gnu/libnsl-2.27.so
7f28cb5a5000-7f28cb5a6000 rw-p 00017000 103:05 1314350                   /lib/x86_64-linux-gnu/libnsl-2.27.so
7f28cb5a6000-7f28cb5a8000 rw-p 00000000 00:00 0 
7f28cb5a8000-7f28cb5b3000 r-xp 00000000 103:05 1314367                   /lib/x86_64-linux-gnu/libnss_nis-2.27.so
7f28cb5b3000-7f28cb7b2000 ---p 0000b000 103:05 1314367                   /lib/x86_64-linux-gnu/libnss_nis-2.27.so
7f28cb7b2000-7f28cb7b3000 r--p 0000a000 103:05 1314367                   /lib/x86_64-linux-gnu/libnss_nis-2.27.so
7f28cb7b3000-7f28cb7b4000 rw-p 0000b000 103:05 1314367                   /lib/x86_64-linux-gnu/libnss_nis-2.27.so
7f28cb7b4000-7f28cb7bc000 r-xp 00000000 103:05 1314352                   /lib/x86_64-linux-gnu/libnss_compat-2.27.so
7f28cb7bc000-7f28cb9bc000 ---p 00008000 103:05 1314352                   /lib/x86_64-linux-gnu/libnss_compat-2.27.so
7f28cb9bc000-7f28cb9bd000 r--p 00008000 103:05 1314352                   /lib/x86_64-linux-gnu/libnss_compat-2.27.so
7f28cb9bd000-7f28cb9be000 rw-p 00009000 103:05 1314352                   /lib/x86_64-linux-gnu/libnss_compat-2.27.so
7f28cb9be000-7f28cb9e7000 r-xp 00000000 103:06 4197339                   /home/cindyfu/.local/share/JetBrains/Toolbox/apps/PyCharm-P/ch-0/193.6494.30/jbr/lib/libjava.so
7f28cb9e7000-7f28cbbe6000 ---p 00029000 103:06 4197339                   /home/cindyfu/.local/share/JetBrains/Toolbox/apps/PyCharm-P/ch-0/193.6494.30/jbr/lib/libjava.so
7f28cbbe6000-7f28cbbe7000 r--p 00028000 103:06 4197339                   /home/cindyfu/.local/share/JetBrains/Toolbox/apps/PyCharm-P/ch-0/193.6494.30/jbr/lib/libjava.so
7f28cbbe7000-7f28cbbe9000 rw-p 00029000 103:06 4197339                   /home/cindyfu/.local/share/JetBrains/Toolbox/apps/PyCharm-P/ch-0/193.6494.30/jbr/lib/libjava.so
7f28cbbe9000-7f28cbbf6000 r-xp 00000000 103:06 4197369                   /home/cindyfu/.local/share/JetBrains/Toolbox/apps/PyCharm-P/ch-0/193.6494.30/jbr/lib/libverify.so
7f28cbbf6000-7f28cbdf5000 ---p 0000d000 103:06 4197369                   /home/cindyfu/.local/share/JetBrains/Toolbox/apps/PyCharm-P/ch-0/193.6494.30/jbr/lib/libverify.so
7f28cbdf5000-7f28cbdf7000 r--p 0000c000 103:06 4197369                   /home/cindyfu/.local/share/JetBrains/Toolbox/apps/PyCharm-P/ch-0/193.6494.30/jbr/lib/libverify.so
7f28cbdf7000-7f28cbdf8000 rw-p 0000e000 103:06 4197369                   /home/cindyfu/.local/share/JetBrains/Toolbox/apps/PyCharm-P/ch-0/193.6494.30/jbr/lib/libverify.so
7f28cbdf8000-7f28cbdff000 r-xp 00000000 103:05 1314407                   /lib/x86_64-linux-gnu/librt-2.27.so
7f28cbdff000-7f28cbffe000 ---p 00007000 103:05 1314407                   /lib/x86_64-linux-gnu/librt-2.27.so
7f28cbffe000-7f28cbfff000 r--p 00006000 103:05 1314407                   /lib/x86_64-linux-gnu/librt-2.27.so
7f28cbfff000-7f28cc000000 rw-p 00007000 103:05 1314407                   /lib/x86_64-linux-gnu/librt-2.27.so
7f28cc000000-7f28cc0ae000 rw-p 00000000 00:00 0 
7f28cc0ae000-7f28d0000000 ---p 00000000 00:00 0 
7f28d001f000-7f28d0024000 rw-p 00000000 00:00 0 
7f28d0024000-7f28d0108000 ---p 00000000 00:00 0 
7f28d0108000-7f28d010d000 rw-p 00000000 00:00 0 
7f28d010d000-7f28d01f1000 ---p 00000000 00:00 0 
7f28d01f1000-7f28d0208000 r-xp 00000000 103:05 1314053                   /lib/x86_64-linux-gnu/libgcc_s.so.1
7f28d0208000-7f28d0407000 ---p 00017000 103:05 1314053                   /lib/x86_64-linux-gnu/libgcc_s.so.1
7f28d0407000-7f28d0408000 r--p 00016000 103:05 1314053                   /lib/x86_64-linux-gnu/libgcc_s.so.1
7f28d0408000-7f28d0409000 rw-p 00017000 103:05 1314053                   /lib/x86_64-linux-gnu/libgcc_s.so.1
7f28d0409000-7f28d05a6000 r-xp 00000000 103:05 1314329                   /lib/x86_64-linux-gnu/libm-2.27.so
7f28d05a6000-7f28d07a5000 ---p 0019d000 103:05 1314329                   /lib/x86_64-linux-gnu/libm-2.27.so
7f28d07a5000-7f28d07a6000 r--p 0019c000 103:05 1314329                   /lib/x86_64-linux-gnu/libm-2.27.so
7f28d07a6000-7f28d07a7000 rw-p 0019d000 103:05 1314329                   /lib/x86_64-linux-gnu/libm-2.27.so
7f28d07a7000-7f28d0920000 r-xp 00000000 103:05 1186312                   /usr/lib/x86_64-linux-gnu/libstdc++.so.6.0.25
7f28d0920000-7f28d0b20000 ---p 00179000 103:05 1186312                   /usr/lib/x86_64-linux-gnu/libstdc++.so.6.0.25
7f28d0b20000-7f28d0b2a000 r--p 00179000 103:05 1186312                   /usr/lib/x86_64-linux-gnu/libstdc++.so.6.0.25
7f28d0b2a000-7f28d0b2c000 rw-p 00183000 103:05 1186312                   /usr/lib/x86_64-linux-gnu/libstdc++.so.6.0.25
7f28d0b2c000-7f28d0b30000 rw-p 00000000 00:00 0 
7f28d0b30000-7f28d1be1000 r-xp 00000000 103:06 4197382                   /home/cindyfu/.local/share/JetBrains/Toolbox/apps/PyCharm-P/ch-0/193.6494.30/jbr/lib/server/libjvm.so
7f28d1be1000-7f28d1de1000 ---p 010b1000 103:06 4197382                   /home/cindyfu/.local/share/JetBrains/Toolbox/apps/PyCharm-P/ch-0/193.6494.30/jbr/lib/server/libjvm.so
7f28d1de1000-7f28d1eaf000 r--p 010b1000 103:06 4197382                   /home/cindyfu/.local/share/JetBrains/Toolbox/apps/PyCharm-P/ch-0/193.6494.30/jbr/lib/server/libjvm.so
7f28d1eaf000-7f28d1ee9000 rw-p 0117f000 103:06 4197382                   /home/cindyfu/.local/share/JetBrains/Toolbox/apps/PyCharm-P/ch-0/193.6494.30/jbr/lib/server/libjvm.so
7f28d1ee9000-7f28d1f42000 rw-p 00000000 00:00 0 
7f28d1f42000-7f28d2129000 r-xp 00000000 103:05 1314266                   /lib/x86_64-linux-gnu/libc-2.27.so
7f28d2129000-7f28d2329000 ---p 001e7000 103:05 1314266                   /lib/x86_64-linux-gnu/libc-2.27.so
7f28d2329000-7f28d232d000 r--p 001e7000 103:05 1314266                   /lib/x86_64-linux-gnu/libc-2.27.so
7f28d232d000-7f28d232f000 rw-p 001eb000 103:05 1314266                   /lib/x86_64-linux-gnu/libc-2.27.so
7f28d232f000-7f28d2333000 rw-p 00000000 00:00 0 
7f28d2333000-7f28d2336000 r-xp 00000000 103:05 1314289                   /lib/x86_64-linux-gnu/libdl-2.27.so
7f28d2336000-7f28d2535000 ---p 00003000 103:05 1314289                   /lib/x86_64-linux-gnu/libdl-2.27.so
7f28d2535000-7f28d2536000 r--p 00002000 103:05 1314289                   /lib/x86_64-linux-gnu/libdl-2.27.so
7f28d2536000-7f28d2537000 rw-p 00003000 103:05 1314289                   /lib/x86_64-linux-gnu/libdl-2.27.so
7f28d2537000-7f28d2546000 r-xp 00000000 103:06 4197316                   /home/cindyfu/.local/share/JetBrains/Toolbox/apps/PyCharm-P/ch-0/193.6494.30/jbr/lib/jli/libjli.so
7f28d2546000-7f28d2745000 ---p 0000f000 103:06 4197316                   /home/cindyfu/.local/share/JetBrains/Toolbox/apps/PyCharm-P/ch-0/193.6494.30/jbr/lib/jli/libjli.so
7f28d2745000-7f28d2746000 r--p 0000e000 103:06 4197316                   /home/cindyfu/.local/share/JetBrains/Toolbox/apps/PyCharm-P/ch-0/193.6494.30/jbr/lib/jli/libjli.so
7f28d2746000-7f28d2747000 rw-p 0000f000 103:06 4197316                   /home/cindyfu/.local/share/JetBrains/Toolbox/apps/PyCharm-P/ch-0/193.6494.30/jbr/lib/jli/libjli.so
7f28d2747000-7f28d2761000 r-xp 00000000 103:05 1314399                   /lib/x86_64-linux-gnu/libpthread-2.27.so
7f28d2761000-7f28d2960000 ---p 0001a000 103:05 1314399                   /lib/x86_64-linux-gnu/libpthread-2.27.so
7f28d2960000-7f28d2961000 r--p 00019000 103:05 1314399                   /lib/x86_64-linux-gnu/libpthread-2.27.so
7f28d2961000-7f28d2962000 rw-p 0001a000 103:05 1314399                   /lib/x86_64-linux-gnu/libpthread-2.27.so
7f28d2962000-7f28d2966000 rw-p 00000000 00:00 0 
7f28d2966000-7f28d2982000 r-xp 00000000 103:05 1314440                   /lib/x86_64-linux-gnu/libz.so.1.2.11
7f28d2982000-7f28d2b81000 ---p 0001c000 103:05 1314440                   /lib/x86_64-linux-gnu/libz.so.1.2.11
7f28d2b81000-7f28d2b82000 r--p 0001b000 103:05 1314440                   /lib/x86_64-linux-gnu/libz.so.1.2.11
7f28d2b82000-7f28d2b83000 rw-p 0001c000 103:05 1314440                   /lib/x86_64-linux-gnu/libz.so.1.2.11
7f28d2b83000-7f28d2baa000 r-xp 00000000 103:05 1314238                   /lib/x86_64-linux-gnu/ld-2.27.so
7f28d2c42000-7f28d2c81000 rw-p 00000000 00:00 0 
7f28d2c81000-7f28d2c85000 ---p 00000000 00:00 0 
7f28d2c85000-7f28d2d84000 rw-p 00000000 00:00 0 
7f28d2d8f000-7f28d2d94000 rw-p 00000000 00:00 0 
7f28d2d94000-7f28d2d9e000 ---p 00000000 00:00 0 
7f28d2d9e000-7f28d2da6000 rw-s 00000000 103:05 1052187                   /tmp/hsperfdata_cindyfu/29190
7f28d2da6000-7f28d2da7000 ---p 00000000 00:00 0 
7f28d2da7000-7f28d2da8000 r--p 00000000 00:00 0 
7f28d2da8000-7f28d2daa000 rw-p 00000000 00:00 0 
7f28d2daa000-7f28d2dab000 r--p 00027000 103:05 1314238                   /lib/x86_64-linux-gnu/ld-2.27.so
7f28d2dab000-7f28d2dac000 rw-p 00028000 103:05 1314238                   /lib/x86_64-linux-gnu/ld-2.27.so
7f28d2dac000-7f28d2dad000 rw-p 00000000 00:00 0 
7ffcd3985000-7ffcd39a6000 rw-p 00000000 00:00 0                          [stack]
7ffcd39b8000-7ffcd39bb000 r--p 00000000 00:00 0                          [vvar]
7ffcd39bb000-7ffcd39bd000 r-xp 00000000 00:00 0                          [vdso]
ffffffffff600000-ffffffffff601000 r-xp 00000000 00:00 0                  [vsyscall]


VM Arguments:
java_command: org.jetbrains.git4idea.http.GitAskPassApp Username for 'https://github.com': 
java_class_path (initial): /home/cindyfu/.local/share/JetBrains/Toolbox/apps/PyCharm-P/ch-0/193.6494.30/plugins/git4idea/lib/git4idea-rt.jar:/home/cindyfu/.local/share/JetBrains/Toolbox/apps/PyCharm-P/ch-0/193.6494.30/lib/xmlrpc-2.0.1.jar:/home/cindyfu/.local/share/JetBrains/Toolbox/apps/PyCharm-P/ch-0/193.6494.30/lib/commons-codec-1.13.jar:/home/cindyfu/.local/share/JetBrains/Toolbox/apps/PyCharm-P/ch-0/193.6494.30/lib/util.jar
Launcher Type: SUN_STANDARD

[Global flags]
     intx CICompilerCount                          = 12                                        {product} {ergonomic}
     uint ConcGCThreads                            = 3                                         {product} {ergonomic}
     uint G1ConcRefinementThreads                  = 13                                        {product} {ergonomic}
   size_t G1HeapRegionSize                         = 2097152                                   {product} {ergonomic}
    uintx GCDrainStackTargetSize                   = 64                                        {product} {ergonomic}
   size_t InitialHeapSize                          = 524288000                                 {product} {ergonomic}
   size_t MarkStackSize                            = 4194304                                   {product} {ergonomic}
   size_t MaxHeapSize                              = 8388608000                                {product} {ergonomic}
   size_t MinHeapDeltaBytes                        = 2097152                                   {product} {ergonomic}
    uintx NonNMethodCodeHeapSize                   = 7594288                                {pd product} {ergonomic}
    uintx NonProfiledCodeHeapSize                  = 122031976                              {pd product} {ergonomic}
    uintx ProfiledCodeHeapSize                     = 122031976                              {pd product} {ergonomic}
    uintx ReservedCodeCacheSize                    = 251658240                              {pd product} {ergonomic}
     bool SegmentedCodeCache                       = true                                      {product} {ergonomic}
     bool UseCompressedClassPointers               = true                                 {lp64_product} {ergonomic}
     bool UseCompressedOops                        = true                                 {lp64_product} {ergonomic}
     bool UseG1GC                                  = true                                      {product} {ergonomic}

Logging:
Log output configuration:
 #0: stdout all=warning uptime,level,tags
 #1: stderr all=off uptime,level,tags

Environment Variables:
PATH=/usr/lib/git-core:/usr/local/sbin:/usr/local/bin:/usr/sbin:/usr/bin:/sbin:/bin:/usr/games:/usr/local/games:/snap/bin
SHELL=/bin/bash
DISPLAY=:0

Signal Handlers:
SIGSEGV: [libjvm.so+0xd9fcf0], sa_mask[0]=11111111011111111101111111111110, sa_flags=SA_RESTART|SA_SIGINFO
SIGBUS: [libjvm.so+0xd9fcf0], sa_mask[0]=11111111011111111101111111111110, sa_flags=SA_RESTART|SA_SIGINFO
SIGFPE: [libjvm.so+0xd9fcf0], sa_mask[0]=11111111011111111101111111111110, sa_flags=SA_RESTART|SA_SIGINFO
SIGPIPE: [libjvm.so+0xba10a0], sa_mask[0]=11111111011111111101111111111110, sa_flags=SA_RESTART|SA_SIGINFO
SIGXFSZ: [libjvm.so+0xba10a0], sa_mask[0]=11111111011111111101111111111110, sa_flags=SA_RESTART|SA_SIGINFO
SIGILL: [libjvm.so+0xd9fcf0], sa_mask[0]=11111111011111111101111111111110, sa_flags=SA_RESTART|SA_SIGINFO
SIGUSR2: [libjvm.so+0xba0f40], sa_mask[0]=00100000000000000000000000000000, sa_flags=SA_RESTART|SA_SIGINFO
SIGHUP: SIG_DFL, sa_mask[0]=00000000000000000000000000000000, sa_flags=none
SIGINT: SIG_DFL, sa_mask[0]=00000000000000000000000000000000, sa_flags=none
SIGTERM: SIG_DFL, sa_mask[0]=00000000000000000000000000000000, sa_flags=none
SIGQUIT: SIG_DFL, sa_mask[0]=00000000000000000000000000000000, sa_flags=none


---------------  S Y S T E M  ---------------

OS:DISTRIB_ID=LinuxMint
DISTRIB_RELEASE=19.3
DISTRIB_CODENAME=tricia
DISTRIB_DESCRIPTION="Linux Mint 19.3 Tricia"
uname:Linux 4.15.0-76-generic #86-Ubuntu SMP Fri Jan 17 17:24:28 UTC 2020 x86_64
libc:glibc 2.27 NPTL 2.27 
rlimit: STACK 8192k, CORE 0k, NPROC 127535, NOFILE 1048576, AS infinity, DATA infinity, FSIZE infinity
load average:0.80 0.67 0.50

/proc/meminfo:
MemTotal:       32762980 kB
MemFree:          227064 kB
MemAvailable:     138600 kB
Buffers:            9916 kB
Cached:          1253668 kB
SwapCached:        37480 kB
Active:         29280088 kB
Inactive:        1814124 kB
Active(anon):   29176608 kB
Inactive(anon):  1716912 kB
Active(file):     103480 kB
Inactive(file):    97212 kB
Unevictable:        1232 kB
Mlocked:            1232 kB
SwapTotal:      16601084 kB
SwapFree:              0 kB
Dirty:               344 kB
Writeback:             0 kB
AnonPages:      29797956 kB
Mapped:          1041636 kB
Shmem:           1061996 kB
Slab:             460672 kB
SReclaimable:     160584 kB
SUnreclaim:       300088 kB
KernelStack:       69872 kB
PageTables:       432800 kB
NFS_Unstable:          0 kB
Bounce:                0 kB
WritebackTmp:          0 kB
CommitLimit:    32982572 kB
Committed_AS:   98126872 kB
VmallocTotal:   34359738367 kB
VmallocUsed:           0 kB
VmallocChunk:          0 kB
HardwareCorrupted:     0 kB
AnonHugePages:    661504 kB
ShmemHugePages:        0 kB
ShmemPmdMapped:        0 kB
CmaTotal:              0 kB
CmaFree:               0 kB
HugePages_Total:       0
HugePages_Free:        0
HugePages_Rsvd:        0
HugePages_Surp:        0
Hugepagesize:       2048 kB
DirectMap4k:     6421464 kB
DirectMap2M:    26957824 kB
DirectMap1G:           0 kB


/proc/sys/kernel/threads-max (system-wide limit on the number of threads):
255071


/proc/sys/vm/max_map_count (maximum number of memory map areas a process may have):
65530


/proc/sys/kernel/pid_max (system-wide limit on number of process identifiers):
32768



container (cgroup) information:
container_type: cgroupv1
cpu_cpuset_cpus: 0-15
cpu_memory_nodes: 0
active_processor_count: 16
cpu_quota: -1
cpu_period: 100000
cpu_shares: -1
memory_limit_in_bytes: -1
memory_and_swap_limit_in_bytes: -2
memory_soft_limit_in_bytes: -1
memory_usage_in_bytes: 31820197888
memory_max_usage_in_bytes: 249452634112

Steal ticks since vm start: 0
Steal ticks percentage since vm start:  0.000

CPU:total 16 (initial active 16) (8 cores per cpu, 2 threads per core) family 6 model 158 stepping 13, cmov, cx8, fxsr, mmx, sse, sse2, sse3, ssse3, sse4.1, sse4.2, popcnt, avx, avx2, aes, clmul, erms, 3dnowpref, lzcnt, ht, tsc, tscinvbit, bmi1, bmi2, adx, fma
CPU Model and flags from /proc/cpuinfo:
model name	: Intel(R) Core(TM) i9-9900 CPU @ 3.10GHz
flags		: fpu vme de pse tsc msr pae mce cx8 apic sep mtrr pge mca cmov pat pse36 clflush dts acpi mmx fxsr sse sse2 ss ht tm pbe syscall nx pdpe1gb rdtscp lm constant_tsc art arch_perfmon pebs bts rep_good nopl xtopology nonstop_tsc cpuid aperfmperf tsc_known_freq pni pclmulqdq dtes64 monitor ds_cpl vmx smx est tm2 ssse3 sdbg fma cx16 xtpr pdcm pcid sse4_1 sse4_2 x2apic movbe popcnt tsc_deadline_timer aes xsave avx f16c rdrand lahf_lm abm 3dnowprefetch cpuid_fault epb invpcid_single ssbd ibrs ibpb stibp ibrs_enhanced tpr_shadow vnmi flexpriority ept vpid fsgsbase tsc_adjust bmi1 hle avx2 smep bmi2 erms invpcid mpx rdseed adx smap clflushopt intel_pt xsaveopt xsavec xgetbv1 xsaves dtherm ida arat pln pts hwp hwp_notify hwp_act_window hwp_epp md_clear flush_l1d arch_capabilities

Memory: 4k page, physical 32762980k(226444k free), swap 16601084k(0k free)

vm_info: OpenJDK 64-Bit Server VM (11.0.5+10-b520.38) for linux-amd64 JRE (11.0.5+10-b520.38), built on Jan 23 2020 05:15:08 by "" with gcc 4.8.5 20150623 (Red Hat 4.8.5-36)

END.
