#
# There is insufficient memory for the Java Runtime Environment to continue.
# Native memory allocation (mmap) failed to map 524288000 bytes for committing reserved memory.
# Possible reasons:
#   The system is out of physical RAM or swap space
#   The process is running with CompressedOops enabled, and the Java Heap may be blocking the growth of the native heap
# Possible solutions:
#   Reduce memory load on the system
#   Increase physical memory or swap space
#   Check if swap backing store is full
#   Decrease Java heap size (-Xmx/-Xms)
#   Decrease number of Java threads
#   Decrease Java thread stack sizes (-Xss)
#   Set larger code cache with -XX:ReservedCodeCacheSize=
# This output file may be truncated or incomplete.
#
#  Out of Memory Error (os_linux.cpp:2830), pid=6888, tid=6889
#
# JRE version:  (11.0.5+10) (build )
# Java VM: OpenJDK 64-Bit Server VM (11.0.5+10-b520.38, mixed mode, aot, sharing, tiered, compressed oops, g1 gc, linux-amd64)
# Core dump will be written. Default location: Core dumps may be processed with "/lib/systemd/systemd-coredump %P %u %g %s %t 9223372036854775808 %e" (or dumping to /home/cindyfu/Documents/tusv_extension/core.6888)
#

---------------  S U M M A R Y ------------

Command Line: org.jetbrains.git4idea.http.GitAskPassApp Username for 'https://github.com': 

Host: Intel(R) Core(TM) i9-9900 CPU @ 3.10GHz, 16 cores, 31G, Linux Mint 19.3 Tricia
Time: Wed Jan  6 12:34:50 2021 EST elapsed time: 0 seconds (0d 0h 0m 0s)

---------------  T H R E A D  ---------------

Current thread (0x00007fb440015000):  JavaThread "Unknown thread" [_thread_in_vm, id=6889, stack(0x00007fb44915d000,0x00007fb44925e000)]

Stack: [0x00007fb44915d000,0x00007fb44925e000],  sp=0x00007fb44925c230,  free space=1020k
Native frames: (J=compiled Java code, A=aot compiled Java code, j=interpreted, Vv=VM code, C=native code)
V  [libjvm.so+0xd9edfa]  VMError::report_and_die(int, char const*, char const*, __va_list_tag*, Thread*, unsigned char*, void*, void*, char const*, int, unsigned long)+0x18a
V  [libjvm.so+0xd9fc93]  VMError::report_and_die(Thread*, char const*, int, unsigned long, VMErrorType, char const*, __va_list_tag*)+0x43
V  [libjvm.so+0x697ae8]  report_vm_out_of_memory(char const*, int, unsigned long, VMErrorType, char const*, ...)+0xe8
V  [libjvm.so+0xba5539]  os::pd_commit_memory_or_exit(char*, unsigned long, unsigned long, bool, char const*)+0xe9
V  [libjvm.so+0xb9d46d]  os::commit_memory_or_exit(char*, unsigned long, unsigned long, bool, char const*)+0x1d
V  [libjvm.so+0x79f2a1]  G1PageBasedVirtualSpace::commit_preferred_pages(unsigned long, unsigned long)+0x71
V  [libjvm.so+0x79f3f5]  G1PageBasedVirtualSpace::commit_internal(unsigned long, unsigned long)+0x85
V  [libjvm.so+0x79f5ea]  G1PageBasedVirtualSpace::commit(unsigned long, unsigned long)+0x10a
V  [libjvm.so+0x7a6e86]  G1RegionsLargerThanCommitSizeMapper::commit_regions(unsigned int, unsigned long, WorkGang*)+0x46
V  [libjvm.so+0x80fe08]  HeapRegionManager::commit_regions(unsigned int, unsigned long, WorkGang*)+0x88
V  [libjvm.so+0x810964]  HeapRegionManager::make_regions_available(unsigned int, unsigned int, WorkGang*)+0x34
V  [libjvm.so+0x810e69]  HeapRegionManager::expand_by(unsigned int, WorkGang*)+0x79
V  [libjvm.so+0x762c60]  G1CollectedHeap::expand(unsigned long, WorkGang*, double*)+0xc0
V  [libjvm.so+0x763355]  G1CollectedHeap::initialize()+0x695
V  [libjvm.so+0xd62501]  Universe::initialize_heap()+0x41
V  [libjvm.so+0xd627b1]  universe_init()+0x41
V  [libjvm.so+0x82dadf]  init_globals()+0x5f
V  [libjvm.so+0xd394d4]  Threads::create_vm(JavaVMInitArgs*, bool*)+0x314
V  [libjvm.so+0x8d5006]  JNI_CreateJavaVM+0x56
C  [libjli.so+0x4814]  JavaMain+0x84


---------------  P R O C E S S  ---------------

Threads class SMR info:
_java_thread_list=0x0000000000fb1220, length=0, elements={
}

Java Threads: ( => current thread )

Other Threads:
  0x00007fb44002e800 GCTaskThread "GC Thread#0" [stack: 0x00007fb445168000,0x00007fb445268000] [id=6890]
  0x00007fb440069000 ConcurrentGCThread "G1 Main Marker" [stack: 0x00007fb4441da000,0x00007fb4442da000] [id=6892]
  0x00007fb44006b000 ConcurrentGCThread "G1 Conc#0" [stack: 0x00007fb4440d8000,0x00007fb4441d8000] [id=6893]

[error occurred during error reporting (printing all threads), id 0xb, SIGSEGV (0xb) at pc=0x00007fb447789fd5]

VM state:not at safepoint (not fully initialized)

VM Mutex/Monitor currently owned by a thread:  ([mutex/lock_event])
[0x00007fb440011c40] Heap_lock - owner thread: 0x00007fb440015000

Heap address: 0x000000060c000000, size: 8000 MB, Compressed Oops mode: Non-zero based: 0x000000060c000000
Narrow klass base: 0x0000000000000000, Narrow klass shift: 0

GC Heap History (0 events):
No events

Deoptimization events (0 events):
No events

Classes redefined (0 events):
No events

Internal exceptions (0 events):
No events

Events (1 events):
Event: 0.009 Protecting memory [0x00007fb44915d000,0x00007fb449161000] with protection modes 0


Dynamic libraries:
00400000-00401000 r-xp 00000000 103:06 4065735                           /home/cindyfu/.local/share/JetBrains/Toolbox/apps/PyCharm-P/ch-0/193.6494.30/jbr/bin/java
00601000-00602000 r--p 00001000 103:06 4065735                           /home/cindyfu/.local/share/JetBrains/Toolbox/apps/PyCharm-P/ch-0/193.6494.30/jbr/bin/java
00602000-00603000 rw-p 00002000 103:06 4065735                           /home/cindyfu/.local/share/JetBrains/Toolbox/apps/PyCharm-P/ch-0/193.6494.30/jbr/bin/java
00f99000-00fba000 rw-p 00000000 00:00 0                                  [heap]
62b400000-800000000 ---p 00000000 00:00 0 
7fb408000000-7fb408021000 rw-p 00000000 00:00 0 
7fb408021000-7fb40c000000 ---p 00000000 00:00 0 
7fb40e000000-7fb410000000 rw-p 00000000 00:00 0 
7fb410000000-7fb410021000 rw-p 00000000 00:00 0 
7fb410021000-7fb414000000 ---p 00000000 00:00 0 
7fb4154d8000-7fb415720000 rw-p 00000000 00:00 0 
7fb415720000-7fb428000000 ---p 00000000 00:00 0 
7fb428000000-7fb428021000 rw-p 00000000 00:00 0 
7fb428021000-7fb42c000000 ---p 00000000 00:00 0 
7fb42c0fa000-7fb42cf46000 rw-p 00000000 00:00 0 
7fb42cf46000-7fb42d1b6000 rwxp 00000000 00:00 0 
7fb42d1b6000-7fb42d685000 ---p 00000000 00:00 0 
7fb42d685000-7fb42d8f5000 rwxp 00000000 00:00 0 
7fb42d8f5000-7fb434ae5000 ---p 00000000 00:00 0 
7fb434ae5000-7fb434d55000 rwxp 00000000 00:00 0 
7fb434d55000-7fb43bf46000 ---p 00000000 00:00 0 
7fb43bf46000-7fb440000000 r--s 00000000 103:06 4197371                   /home/cindyfu/.local/share/JetBrains/Toolbox/apps/PyCharm-P/ch-0/193.6494.30/jbr/lib/modules
7fb440000000-7fb4400ae000 rw-p 00000000 00:00 0 
7fb4400ae000-7fb444000000 ---p 00000000 00:00 0 
7fb4440d6000-7fb4440d7000 ---p 00000000 00:00 0 
7fb4440d7000-7fb4441d8000 rw-p 00000000 00:00 0 
7fb4441d8000-7fb4441d9000 ---p 00000000 00:00 0 
7fb4441d9000-7fb445166000 rw-p 00000000 00:00 0 
7fb445166000-7fb445167000 ---p 00000000 00:00 0 
7fb445167000-7fb44526d000 rw-p 00000000 00:00 0 
7fb44526d000-7fb445351000 ---p 00000000 00:00 0 
7fb445351000-7fb445356000 rw-p 00000000 00:00 0 
7fb445356000-7fb44543a000 ---p 00000000 00:00 0 
7fb44543a000-7fb44543f000 r-xp 00000000 103:06 4197349                   /home/cindyfu/.local/share/JetBrains/Toolbox/apps/PyCharm-P/ch-0/193.6494.30/jbr/lib/libjimage.so
7fb44543f000-7fb44563f000 ---p 00005000 103:06 4197349                   /home/cindyfu/.local/share/JetBrains/Toolbox/apps/PyCharm-P/ch-0/193.6494.30/jbr/lib/libjimage.so
7fb44563f000-7fb445640000 r--p 00005000 103:06 4197349                   /home/cindyfu/.local/share/JetBrains/Toolbox/apps/PyCharm-P/ch-0/193.6494.30/jbr/lib/libjimage.so
7fb445640000-7fb445641000 rw-p 00006000 103:06 4197349                   /home/cindyfu/.local/share/JetBrains/Toolbox/apps/PyCharm-P/ch-0/193.6494.30/jbr/lib/libjimage.so
7fb445641000-7fb445648000 r-xp 00000000 103:06 4197370                   /home/cindyfu/.local/share/JetBrains/Toolbox/apps/PyCharm-P/ch-0/193.6494.30/jbr/lib/libzip.so
7fb445648000-7fb445847000 ---p 00007000 103:06 4197370                   /home/cindyfu/.local/share/JetBrains/Toolbox/apps/PyCharm-P/ch-0/193.6494.30/jbr/lib/libzip.so
7fb445847000-7fb445848000 r--p 00006000 103:06 4197370                   /home/cindyfu/.local/share/JetBrains/Toolbox/apps/PyCharm-P/ch-0/193.6494.30/jbr/lib/libzip.so
7fb445848000-7fb445849000 rw-p 00007000 103:06 4197370                   /home/cindyfu/.local/share/JetBrains/Toolbox/apps/PyCharm-P/ch-0/193.6494.30/jbr/lib/libzip.so
7fb445849000-7fb445854000 r-xp 00000000 103:05 1314356                   /lib/x86_64-linux-gnu/libnss_files-2.27.so
7fb445854000-7fb445a53000 ---p 0000b000 103:05 1314356                   /lib/x86_64-linux-gnu/libnss_files-2.27.so
7fb445a53000-7fb445a54000 r--p 0000a000 103:05 1314356                   /lib/x86_64-linux-gnu/libnss_files-2.27.so
7fb445a54000-7fb445a55000 rw-p 0000b000 103:05 1314356                   /lib/x86_64-linux-gnu/libnss_files-2.27.so
7fb445a55000-7fb445a5b000 rw-p 00000000 00:00 0 
7fb445a5b000-7fb445a72000 r-xp 00000000 103:05 1314350                   /lib/x86_64-linux-gnu/libnsl-2.27.so
7fb445a72000-7fb445c71000 ---p 00017000 103:05 1314350                   /lib/x86_64-linux-gnu/libnsl-2.27.so
7fb445c71000-7fb445c72000 r--p 00016000 103:05 1314350                   /lib/x86_64-linux-gnu/libnsl-2.27.so
7fb445c72000-7fb445c73000 rw-p 00017000 103:05 1314350                   /lib/x86_64-linux-gnu/libnsl-2.27.so
7fb445c73000-7fb445c75000 rw-p 00000000 00:00 0 
7fb445c75000-7fb445c80000 r-xp 00000000 103:05 1314367                   /lib/x86_64-linux-gnu/libnss_nis-2.27.so
7fb445c80000-7fb445e7f000 ---p 0000b000 103:05 1314367                   /lib/x86_64-linux-gnu/libnss_nis-2.27.so
7fb445e7f000-7fb445e80000 r--p 0000a000 103:05 1314367                   /lib/x86_64-linux-gnu/libnss_nis-2.27.so
7fb445e80000-7fb445e81000 rw-p 0000b000 103:05 1314367                   /lib/x86_64-linux-gnu/libnss_nis-2.27.so
7fb445e81000-7fb445e89000 r-xp 00000000 103:05 1314352                   /lib/x86_64-linux-gnu/libnss_compat-2.27.so
7fb445e89000-7fb446089000 ---p 00008000 103:05 1314352                   /lib/x86_64-linux-gnu/libnss_compat-2.27.so
7fb446089000-7fb44608a000 r--p 00008000 103:05 1314352                   /lib/x86_64-linux-gnu/libnss_compat-2.27.so
7fb44608a000-7fb44608b000 rw-p 00009000 103:05 1314352                   /lib/x86_64-linux-gnu/libnss_compat-2.27.so
7fb44608b000-7fb4460b4000 r-xp 00000000 103:06 4197339                   /home/cindyfu/.local/share/JetBrains/Toolbox/apps/PyCharm-P/ch-0/193.6494.30/jbr/lib/libjava.so
7fb4460b4000-7fb4462b3000 ---p 00029000 103:06 4197339                   /home/cindyfu/.local/share/JetBrains/Toolbox/apps/PyCharm-P/ch-0/193.6494.30/jbr/lib/libjava.so
7fb4462b3000-7fb4462b4000 r--p 00028000 103:06 4197339                   /home/cindyfu/.local/share/JetBrains/Toolbox/apps/PyCharm-P/ch-0/193.6494.30/jbr/lib/libjava.so
7fb4462b4000-7fb4462b6000 rw-p 00029000 103:06 4197339                   /home/cindyfu/.local/share/JetBrains/Toolbox/apps/PyCharm-P/ch-0/193.6494.30/jbr/lib/libjava.so
7fb4462b6000-7fb4462c3000 r-xp 00000000 103:06 4197369                   /home/cindyfu/.local/share/JetBrains/Toolbox/apps/PyCharm-P/ch-0/193.6494.30/jbr/lib/libverify.so
7fb4462c3000-7fb4464c2000 ---p 0000d000 103:06 4197369                   /home/cindyfu/.local/share/JetBrains/Toolbox/apps/PyCharm-P/ch-0/193.6494.30/jbr/lib/libverify.so
7fb4464c2000-7fb4464c4000 r--p 0000c000 103:06 4197369                   /home/cindyfu/.local/share/JetBrains/Toolbox/apps/PyCharm-P/ch-0/193.6494.30/jbr/lib/libverify.so
7fb4464c4000-7fb4464c5000 rw-p 0000e000 103:06 4197369                   /home/cindyfu/.local/share/JetBrains/Toolbox/apps/PyCharm-P/ch-0/193.6494.30/jbr/lib/libverify.so
7fb4464c5000-7fb4464cc000 r-xp 00000000 103:05 1314407                   /lib/x86_64-linux-gnu/librt-2.27.so
7fb4464cc000-7fb4466cb000 ---p 00007000 103:05 1314407                   /lib/x86_64-linux-gnu/librt-2.27.so
7fb4466cb000-7fb4466cc000 r--p 00006000 103:05 1314407                   /lib/x86_64-linux-gnu/librt-2.27.so
7fb4466cc000-7fb4466cd000 rw-p 00007000 103:05 1314407                   /lib/x86_64-linux-gnu/librt-2.27.so
7fb4466cd000-7fb4466e4000 r-xp 00000000 103:05 1314053                   /lib/x86_64-linux-gnu/libgcc_s.so.1
7fb4466e4000-7fb4468e3000 ---p 00017000 103:05 1314053                   /lib/x86_64-linux-gnu/libgcc_s.so.1
7fb4468e3000-7fb4468e4000 r--p 00016000 103:05 1314053                   /lib/x86_64-linux-gnu/libgcc_s.so.1
7fb4468e4000-7fb4468e5000 rw-p 00017000 103:05 1314053                   /lib/x86_64-linux-gnu/libgcc_s.so.1
7fb4468e5000-7fb446a82000 r-xp 00000000 103:05 1314329                   /lib/x86_64-linux-gnu/libm-2.27.so
7fb446a82000-7fb446c81000 ---p 0019d000 103:05 1314329                   /lib/x86_64-linux-gnu/libm-2.27.so
7fb446c81000-7fb446c82000 r--p 0019c000 103:05 1314329                   /lib/x86_64-linux-gnu/libm-2.27.so
7fb446c82000-7fb446c83000 rw-p 0019d000 103:05 1314329                   /lib/x86_64-linux-gnu/libm-2.27.so
7fb446c83000-7fb446dfc000 r-xp 00000000 103:05 1186312                   /usr/lib/x86_64-linux-gnu/libstdc++.so.6.0.25
7fb446dfc000-7fb446ffc000 ---p 00179000 103:05 1186312                   /usr/lib/x86_64-linux-gnu/libstdc++.so.6.0.25
7fb446ffc000-7fb447006000 r--p 00179000 103:05 1186312                   /usr/lib/x86_64-linux-gnu/libstdc++.so.6.0.25
7fb447006000-7fb447008000 rw-p 00183000 103:05 1186312                   /usr/lib/x86_64-linux-gnu/libstdc++.so.6.0.25
7fb447008000-7fb44700c000 rw-p 00000000 00:00 0 
7fb44700c000-7fb4480bd000 r-xp 00000000 103:06 4197382                   /home/cindyfu/.local/share/JetBrains/Toolbox/apps/PyCharm-P/ch-0/193.6494.30/jbr/lib/server/libjvm.so
7fb4480bd000-7fb4482bd000 ---p 010b1000 103:06 4197382                   /home/cindyfu/.local/share/JetBrains/Toolbox/apps/PyCharm-P/ch-0/193.6494.30/jbr/lib/server/libjvm.so
7fb4482bd000-7fb44838b000 r--p 010b1000 103:06 4197382                   /home/cindyfu/.local/share/JetBrains/Toolbox/apps/PyCharm-P/ch-0/193.6494.30/jbr/lib/server/libjvm.so
7fb44838b000-7fb4483c5000 rw-p 0117f000 103:06 4197382                   /home/cindyfu/.local/share/JetBrains/Toolbox/apps/PyCharm-P/ch-0/193.6494.30/jbr/lib/server/libjvm.so
7fb4483c5000-7fb44841e000 rw-p 00000000 00:00 0 
7fb44841e000-7fb448605000 r-xp 00000000 103:05 1314266                   /lib/x86_64-linux-gnu/libc-2.27.so
7fb448605000-7fb448805000 ---p 001e7000 103:05 1314266                   /lib/x86_64-linux-gnu/libc-2.27.so
7fb448805000-7fb448809000 r--p 001e7000 103:05 1314266                   /lib/x86_64-linux-gnu/libc-2.27.so
7fb448809000-7fb44880b000 rw-p 001eb000 103:05 1314266                   /lib/x86_64-linux-gnu/libc-2.27.so
7fb44880b000-7fb44880f000 rw-p 00000000 00:00 0 
7fb44880f000-7fb448812000 r-xp 00000000 103:05 1314289                   /lib/x86_64-linux-gnu/libdl-2.27.so
7fb448812000-7fb448a11000 ---p 00003000 103:05 1314289                   /lib/x86_64-linux-gnu/libdl-2.27.so
7fb448a11000-7fb448a12000 r--p 00002000 103:05 1314289                   /lib/x86_64-linux-gnu/libdl-2.27.so
7fb448a12000-7fb448a13000 rw-p 00003000 103:05 1314289                   /lib/x86_64-linux-gnu/libdl-2.27.so
7fb448a13000-7fb448a22000 r-xp 00000000 103:06 4197316                   /home/cindyfu/.local/share/JetBrains/Toolbox/apps/PyCharm-P/ch-0/193.6494.30/jbr/lib/jli/libjli.so
7fb448a22000-7fb448c21000 ---p 0000f000 103:06 4197316                   /home/cindyfu/.local/share/JetBrains/Toolbox/apps/PyCharm-P/ch-0/193.6494.30/jbr/lib/jli/libjli.so
7fb448c21000-7fb448c22000 r--p 0000e000 103:06 4197316                   /home/cindyfu/.local/share/JetBrains/Toolbox/apps/PyCharm-P/ch-0/193.6494.30/jbr/lib/jli/libjli.so
7fb448c22000-7fb448c23000 rw-p 0000f000 103:06 4197316                   /home/cindyfu/.local/share/JetBrains/Toolbox/apps/PyCharm-P/ch-0/193.6494.30/jbr/lib/jli/libjli.so
7fb448c23000-7fb448c3d000 r-xp 00000000 103:05 1314399                   /lib/x86_64-linux-gnu/libpthread-2.27.so
7fb448c3d000-7fb448e3c000 ---p 0001a000 103:05 1314399                   /lib/x86_64-linux-gnu/libpthread-2.27.so
7fb448e3c000-7fb448e3d000 r--p 00019000 103:05 1314399                   /lib/x86_64-linux-gnu/libpthread-2.27.so
7fb448e3d000-7fb448e3e000 rw-p 0001a000 103:05 1314399                   /lib/x86_64-linux-gnu/libpthread-2.27.so
7fb448e3e000-7fb448e42000 rw-p 00000000 00:00 0 
7fb448e42000-7fb448e5e000 r-xp 00000000 103:05 1314440                   /lib/x86_64-linux-gnu/libz.so.1.2.11
7fb448e5e000-7fb44905d000 ---p 0001c000 103:05 1314440                   /lib/x86_64-linux-gnu/libz.so.1.2.11
7fb44905d000-7fb44905e000 r--p 0001b000 103:05 1314440                   /lib/x86_64-linux-gnu/libz.so.1.2.11
7fb44905e000-7fb44905f000 rw-p 0001c000 103:05 1314440                   /lib/x86_64-linux-gnu/libz.so.1.2.11
7fb44905f000-7fb449086000 r-xp 00000000 103:05 1314238                   /lib/x86_64-linux-gnu/ld-2.27.so
7fb44911e000-7fb44915d000 rw-p 00000000 00:00 0 
7fb44915d000-7fb449161000 ---p 00000000 00:00 0 
7fb449161000-7fb449260000 rw-p 00000000 00:00 0 
7fb44926b000-7fb449270000 rw-p 00000000 00:00 0 
7fb449270000-7fb44927a000 ---p 00000000 00:00 0 
7fb44927a000-7fb449282000 rw-s 00000000 103:05 1052181                   /tmp/hsperfdata_cindyfu/6888
7fb449282000-7fb449283000 ---p 00000000 00:00 0 
7fb449283000-7fb449284000 r--p 00000000 00:00 0 
7fb449284000-7fb449286000 rw-p 00000000 00:00 0 
7fb449286000-7fb449287000 r--p 00027000 103:05 1314238                   /lib/x86_64-linux-gnu/ld-2.27.so
7fb449287000-7fb449288000 rw-p 00028000 103:05 1314238                   /lib/x86_64-linux-gnu/ld-2.27.so
7fb449288000-7fb449289000 rw-p 00000000 00:00 0 
7ffc6bc6c000-7ffc6bc8d000 rw-p 00000000 00:00 0                          [stack]
7ffc6bca3000-7ffc6bca6000 r--p 00000000 00:00 0                          [vvar]
7ffc6bca6000-7ffc6bca8000 r-xp 00000000 00:00 0                          [vdso]
ffffffffff600000-ffffffffff601000 r-xp 00000000 00:00 0                  [vsyscall]


VM Arguments:
java_command: org.jetbrains.git4idea.http.GitAskPassApp Username for 'https://github.com': 
java_class_path (initial): /home/cindyfu/.local/share/JetBrains/Toolbox/apps/PyCharm-P/ch-0/193.6494.30/plugins/git4idea/lib/git4idea-rt.jar:/home/cindyfu/.local/share/JetBrains/Toolbox/apps/PyCharm-P/ch-0/193.6494.30/lib/xmlrpc-2.0.1.jar:/home/cindyfu/.local/share/JetBrains/Toolbox/apps/PyCharm-P/ch-0/193.6494.30/lib/commons-codec-1.13.jar:/home/cindyfu/.local/share/JetBrains/Toolbox/apps/PyCharm-P/ch-0/193.6494.30/lib/util.jar
Launcher Type: SUN_STANDARD

[Global flags]
     intx CICompilerCount                          = 12                                        {product} {ergonomic}
     uint ConcGCThreads                            = 3                                         {product} {ergonomic}
     uint G1ConcRefinementThreads                  = 13                                        {product} {ergonomic}
   size_t G1HeapRegionSize                         = 2097152                                   {product} {ergonomic}
    uintx GCDrainStackTargetSize                   = 64                                        {product} {ergonomic}
   size_t InitialHeapSize                          = 524288000                                 {product} {ergonomic}
   size_t MarkStackSize                            = 4194304                                   {product} {ergonomic}
   size_t MaxHeapSize                              = 8388608000                                {product} {ergonomic}
   size_t MinHeapDeltaBytes                        = 2097152                                   {product} {ergonomic}
    uintx NonNMethodCodeHeapSize                   = 7594288                                {pd product} {ergonomic}
    uintx NonProfiledCodeHeapSize                  = 122031976                              {pd product} {ergonomic}
    uintx ProfiledCodeHeapSize                     = 122031976                              {pd product} {ergonomic}
    uintx ReservedCodeCacheSize                    = 251658240                              {pd product} {ergonomic}
     bool SegmentedCodeCache                       = true                                      {product} {ergonomic}
     bool UseCompressedClassPointers               = true                                 {lp64_product} {ergonomic}
     bool UseCompressedOops                        = true                                 {lp64_product} {ergonomic}
     bool UseG1GC                                  = true                                      {product} {ergonomic}

Logging:
Log output configuration:
 #0: stdout all=warning uptime,level,tags
 #1: stderr all=off uptime,level,tags

Environment Variables:
PATH=/usr/lib/git-core:/usr/local/sbin:/usr/local/bin:/usr/sbin:/usr/bin:/sbin:/bin:/usr/games:/usr/local/games:/snap/bin
SHELL=/bin/bash
DISPLAY=:0

Signal Handlers:
SIGSEGV: [libjvm.so+0xd9fcf0], sa_mask[0]=11111111011111111101111111111110, sa_flags=SA_RESTART|SA_SIGINFO
SIGBUS: [libjvm.so+0xd9fcf0], sa_mask[0]=11111111011111111101111111111110, sa_flags=SA_RESTART|SA_SIGINFO
SIGFPE: [libjvm.so+0xd9fcf0], sa_mask[0]=11111111011111111101111111111110, sa_flags=SA_RESTART|SA_SIGINFO
SIGPIPE: [libjvm.so+0xba10a0], sa_mask[0]=11111111011111111101111111111110, sa_flags=SA_RESTART|SA_SIGINFO
SIGXFSZ: [libjvm.so+0xba10a0], sa_mask[0]=11111111011111111101111111111110, sa_flags=SA_RESTART|SA_SIGINFO
SIGILL: [libjvm.so+0xd9fcf0], sa_mask[0]=11111111011111111101111111111110, sa_flags=SA_RESTART|SA_SIGINFO
SIGUSR2: [libjvm.so+0xba0f40], sa_mask[0]=00100000000000000000000000000000, sa_flags=SA_RESTART|SA_SIGINFO
SIGHUP: SIG_DFL, sa_mask[0]=00000000000000000000000000000000, sa_flags=none
SIGINT: SIG_DFL, sa_mask[0]=00000000000000000000000000000000, sa_flags=none
SIGTERM: SIG_DFL, sa_mask[0]=00000000000000000000000000000000, sa_flags=none
SIGQUIT: SIG_DFL, sa_mask[0]=00000000000000000000000000000000, sa_flags=none


---------------  S Y S T E M  ---------------

OS:DISTRIB_ID=LinuxMint
DISTRIB_RELEASE=19.3
DISTRIB_CODENAME=tricia
DISTRIB_DESCRIPTION="Linux Mint 19.3 Tricia"
uname:Linux 4.15.0-76-generic #86-Ubuntu SMP Fri Jan 17 17:24:28 UTC 2020 x86_64
libc:glibc 2.27 NPTL 2.27 
rlimit: STACK 8192k, CORE 0k, NPROC 127535, NOFILE 1048576, AS infinity, DATA infinity, FSIZE infinity
load average:0.23 0.30 0.34

/proc/meminfo:
MemTotal:       32762980 kB
MemFree:          242432 kB
MemAvailable:     180244 kB
Buffers:           13656 kB
Cached:          1276644 kB
SwapCached:        61576 kB
Active:         28972236 kB
Inactive:        2106756 kB
Active(anon):   28829860 kB
Inactive(anon):  2022392 kB
Active(file):     142376 kB
Inactive(file):    84364 kB
Unevictable:        1232 kB
Mlocked:            1232 kB
SwapTotal:      16601084 kB
SwapFree:              0 kB
Dirty:               420 kB
Writeback:             0 kB
AnonPages:      29733120 kB
Mapped:          1065788 kB
Shmem:           1061404 kB
Slab:             461032 kB
SReclaimable:     161032 kB
SUnreclaim:       300000 kB
KernelStack:       69936 kB
PageTables:       432708 kB
NFS_Unstable:          0 kB
Bounce:                0 kB
WritebackTmp:          0 kB
CommitLimit:    32982572 kB
Committed_AS:   98064376 kB
VmallocTotal:   34359738367 kB
VmallocUsed:           0 kB
VmallocChunk:          0 kB
HardwareCorrupted:     0 kB
AnonHugePages:    677888 kB
ShmemHugePages:        0 kB
ShmemPmdMapped:        0 kB
CmaTotal:              0 kB
CmaFree:               0 kB
HugePages_Total:       0
HugePages_Free:        0
HugePages_Rsvd:        0
HugePages_Surp:        0
Hugepagesize:       2048 kB
DirectMap4k:     6421464 kB
DirectMap2M:    26957824 kB
DirectMap1G:           0 kB


/proc/sys/kernel/threads-max (system-wide limit on the number of threads):
255071


/proc/sys/vm/max_map_count (maximum number of memory map areas a process may have):
65530


/proc/sys/kernel/pid_max (system-wide limit on number of process identifiers):
32768



container (cgroup) information:
container_type: cgroupv1
cpu_cpuset_cpus: 0-15
cpu_memory_nodes: 0
active_processor_count: 16
cpu_quota: -1
cpu_period: 100000
cpu_shares: -1
memory_limit_in_bytes: -1
memory_and_swap_limit_in_bytes: -2
memory_soft_limit_in_bytes: -1
memory_usage_in_bytes: 31799066624
memory_max_usage_in_bytes: 249348501504

Steal ticks since vm start: 0
Steal ticks percentage since vm start:  0.000

CPU:total 16 (initial active 16) (8 cores per cpu, 2 threads per core) family 6 model 158 stepping 13, cmov, cx8, fxsr, mmx, sse, sse2, sse3, ssse3, sse4.1, sse4.2, popcnt, avx, avx2, aes, clmul, erms, 3dnowpref, lzcnt, ht, tsc, tscinvbit, bmi1, bmi2, adx, fma
CPU Model and flags from /proc/cpuinfo:
model name	: Intel(R) Core(TM) i9-9900 CPU @ 3.10GHz
flags		: fpu vme de pse tsc msr pae mce cx8 apic sep mtrr pge mca cmov pat pse36 clflush dts acpi mmx fxsr sse sse2 ss ht tm pbe syscall nx pdpe1gb rdtscp lm constant_tsc art arch_perfmon pebs bts rep_good nopl xtopology nonstop_tsc cpuid aperfmperf tsc_known_freq pni pclmulqdq dtes64 monitor ds_cpl vmx smx est tm2 ssse3 sdbg fma cx16 xtpr pdcm pcid sse4_1 sse4_2 x2apic movbe popcnt tsc_deadline_timer aes xsave avx f16c rdrand lahf_lm abm 3dnowprefetch cpuid_fault epb invpcid_single ssbd ibrs ibpb stibp ibrs_enhanced tpr_shadow vnmi flexpriority ept vpid fsgsbase tsc_adjust bmi1 hle avx2 smep bmi2 erms invpcid mpx rdseed adx smap clflushopt intel_pt xsaveopt xsavec xgetbv1 xsaves dtherm ida arat pln pts hwp hwp_notify hwp_act_window hwp_epp md_clear flush_l1d arch_capabilities

Memory: 4k page, physical 32762980k(242432k free), swap 16601084k(0k free)

vm_info: OpenJDK 64-Bit Server VM (11.0.5+10-b520.38) for linux-amd64 JRE (11.0.5+10-b520.38), built on Jan 23 2020 05:15:08 by "" with gcc 4.8.5 20150623 (Red Hat 4.8.5-36)

END.
