#
# There is insufficient memory for the Java Runtime Environment to continue.
# Native memory allocation (mmap) failed to map 524288000 bytes for committing reserved memory.
# Possible reasons:
#   The system is out of physical RAM or swap space
#   The process is running with CompressedOops enabled, and the Java Heap may be blocking the growth of the native heap
# Possible solutions:
#   Reduce memory load on the system
#   Increase physical memory or swap space
#   Check if swap backing store is full
#   Decrease Java heap size (-Xmx/-Xms)
#   Decrease number of Java threads
#   Decrease Java thread stack sizes (-Xss)
#   Set larger code cache with -XX:ReservedCodeCacheSize=
# This output file may be truncated or incomplete.
#
#  Out of Memory Error (os_linux.cpp:2830), pid=19189, tid=19190
#
# JRE version:  (11.0.5+10) (build )
# Java VM: OpenJDK 64-Bit Server VM (11.0.5+10-b520.38, mixed mode, aot, sharing, tiered, compressed oops, g1 gc, linux-amd64)
# Core dump will be written. Default location: Core dumps may be processed with "/lib/systemd/systemd-coredump %P %u %g %s %t 9223372036854775808 %e" (or dumping to /home/cindyfu/Documents/tusv_extension/core.19189)
#

---------------  S U M M A R Y ------------

Command Line: org.jetbrains.git4idea.http.GitAskPassApp Username for 'https://github.com': 

Host: Intel(R) Core(TM) i9-9900 CPU @ 3.10GHz, 16 cores, 31G, Linux Mint 19.3 Tricia
Time: Tue Nov 24 18:14:49 2020 EST elapsed time: 0 seconds (0d 0h 0m 0s)

---------------  T H R E A D  ---------------

Current thread (0x00007f724c015000):  JavaThread "Unknown thread" [_thread_in_vm, id=19190, stack(0x00007f7255a65000,0x00007f7255b66000)]

Stack: [0x00007f7255a65000,0x00007f7255b66000],  sp=0x00007f7255b64230,  free space=1020k
Native frames: (J=compiled Java code, A=aot compiled Java code, j=interpreted, Vv=VM code, C=native code)
V  [libjvm.so+0xd9edfa]  VMError::report_and_die(int, char const*, char const*, __va_list_tag*, Thread*, unsigned char*, void*, void*, char const*, int, unsigned long)+0x18a
V  [libjvm.so+0xd9fc93]  VMError::report_and_die(Thread*, char const*, int, unsigned long, VMErrorType, char const*, __va_list_tag*)+0x43
V  [libjvm.so+0x697ae8]  report_vm_out_of_memory(char const*, int, unsigned long, VMErrorType, char const*, ...)+0xe8
V  [libjvm.so+0xba5539]  os::pd_commit_memory_or_exit(char*, unsigned long, unsigned long, bool, char const*)+0xe9
V  [libjvm.so+0xb9d46d]  os::commit_memory_or_exit(char*, unsigned long, unsigned long, bool, char const*)+0x1d
V  [libjvm.so+0x79f2a1]  G1PageBasedVirtualSpace::commit_preferred_pages(unsigned long, unsigned long)+0x71
V  [libjvm.so+0x79f3f5]  G1PageBasedVirtualSpace::commit_internal(unsigned long, unsigned long)+0x85
V  [libjvm.so+0x79f5ea]  G1PageBasedVirtualSpace::commit(unsigned long, unsigned long)+0x10a
V  [libjvm.so+0x7a6e86]  G1RegionsLargerThanCommitSizeMapper::commit_regions(unsigned int, unsigned long, WorkGang*)+0x46
V  [libjvm.so+0x80fe08]  HeapRegionManager::commit_regions(unsigned int, unsigned long, WorkGang*)+0x88
V  [libjvm.so+0x810964]  HeapRegionManager::make_regions_available(unsigned int, unsigned int, WorkGang*)+0x34
V  [libjvm.so+0x810e69]  HeapRegionManager::expand_by(unsigned int, WorkGang*)+0x79
V  [libjvm.so+0x762c60]  G1CollectedHeap::expand(unsigned long, WorkGang*, double*)+0xc0
V  [libjvm.so+0x763355]  G1CollectedHeap::initialize()+0x695
V  [libjvm.so+0xd62501]  Universe::initialize_heap()+0x41
V  [libjvm.so+0xd627b1]  universe_init()+0x41
V  [libjvm.so+0x82dadf]  init_globals()+0x5f
V  [libjvm.so+0xd394d4]  Threads::create_vm(JavaVMInitArgs*, bool*)+0x314
V  [libjvm.so+0x8d5006]  JNI_CreateJavaVM+0x56
C  [libjli.so+0x4814]  JavaMain+0x84


---------------  P R O C E S S  ---------------

Threads class SMR info:
_java_thread_list=0x0000000000f22220, length=0, elements={
}

Java Threads: ( => current thread )

Other Threads:
  0x00007f724c02e800 GCTaskThread "GC Thread#0" [stack: 0x00007f7251a70000,0x00007f7251b70000] [id=19191]
  0x00007f724c069000 ConcurrentGCThread "G1 Main Marker" [stack: 0x00007f7250ae2000,0x00007f7250be2000] [id=19192]
  0x00007f724c06b000 ConcurrentGCThread "G1 Conc#0" [stack: 0x00007f72509e0000,0x00007f7250ae0000] [id=19193]

[error occurred during error reporting (printing all threads), id 0xb, SIGSEGV (0xb) at pc=0x00007f7254091fd5]

VM state:not at safepoint (not fully initialized)

VM Mutex/Monitor currently owned by a thread:  ([mutex/lock_event])
[0x00007f724c011c40] Heap_lock - owner thread: 0x00007f724c015000

Heap address: 0x000000060c000000, size: 8000 MB, Compressed Oops mode: Non-zero based: 0x000000060c000000
Narrow klass base: 0x0000000000000000, Narrow klass shift: 0

GC Heap History (0 events):
No events

Deoptimization events (0 events):
No events

Classes redefined (0 events):
No events

Internal exceptions (0 events):
No events

Events (1 events):
Event: 0.010 Protecting memory [0x00007f7255a65000,0x00007f7255a69000] with protection modes 0


Dynamic libraries:
00400000-00401000 r-xp 00000000 103:06 4065735                           /home/cindyfu/.local/share/JetBrains/Toolbox/apps/PyCharm-P/ch-0/193.6494.30/jbr/bin/java
00601000-00602000 r--p 00001000 103:06 4065735                           /home/cindyfu/.local/share/JetBrains/Toolbox/apps/PyCharm-P/ch-0/193.6494.30/jbr/bin/java
00602000-00603000 rw-p 00002000 103:06 4065735                           /home/cindyfu/.local/share/JetBrains/Toolbox/apps/PyCharm-P/ch-0/193.6494.30/jbr/bin/java
00f0a000-00f2b000 rw-p 00000000 00:00 0                                  [heap]
62b400000-800000000 ---p 00000000 00:00 0 
7f7214000000-7f7214021000 rw-p 00000000 00:00 0 
7f7214021000-7f7218000000 ---p 00000000 00:00 0 
7f721a000000-7f721c000000 rw-p 00000000 00:00 0 
7f721c000000-7f721c021000 rw-p 00000000 00:00 0 
7f721c021000-7f7220000000 ---p 00000000 00:00 0 
7f7221720000-7f7234000000 ---p 00000000 00:00 0 
7f7234000000-7f7234021000 rw-p 00000000 00:00 0 
7f7234021000-7f7238000000 ---p 00000000 00:00 0 
7f72387bb000-7f7238f46000 rw-p 00000000 00:00 0 
7f7238f46000-7f72391b6000 rwxp 00000000 00:00 0 
7f72391b6000-7f7239685000 ---p 00000000 00:00 0 
7f7239685000-7f72398f5000 rwxp 00000000 00:00 0 
7f72398f5000-7f7240ae5000 ---p 00000000 00:00 0 
7f7240ae5000-7f7240d55000 rwxp 00000000 00:00 0 
7f7240d55000-7f7247f46000 ---p 00000000 00:00 0 
7f7247f46000-7f724c000000 r--s 00000000 103:06 4197371                   /home/cindyfu/.local/share/JetBrains/Toolbox/apps/PyCharm-P/ch-0/193.6494.30/jbr/lib/modules
7f724c000000-7f724c0ae000 rw-p 00000000 00:00 0 
7f724c0ae000-7f7250000000 ---p 00000000 00:00 0 
7f72500d5000-7f72509de000 rw-p 00000000 00:00 0 
7f72509de000-7f72509df000 ---p 00000000 00:00 0 
7f72509df000-7f7250ae0000 rw-p 00000000 00:00 0 
7f7250ae0000-7f7250ae1000 ---p 00000000 00:00 0 
7f7250ae1000-7f7251a6e000 rw-p 00000000 00:00 0 
7f7251a6e000-7f7251a6f000 ---p 00000000 00:00 0 
7f7251a6f000-7f7251b75000 rw-p 00000000 00:00 0 
7f7251b75000-7f7251c59000 ---p 00000000 00:00 0 
7f7251c59000-7f7251c5e000 rw-p 00000000 00:00 0 
7f7251c5e000-7f7251d42000 ---p 00000000 00:00 0 
7f7251d42000-7f7251d47000 r-xp 00000000 103:06 4197349                   /home/cindyfu/.local/share/JetBrains/Toolbox/apps/PyCharm-P/ch-0/193.6494.30/jbr/lib/libjimage.so
7f7251d47000-7f7251f47000 ---p 00005000 103:06 4197349                   /home/cindyfu/.local/share/JetBrains/Toolbox/apps/PyCharm-P/ch-0/193.6494.30/jbr/lib/libjimage.so
7f7251f47000-7f7251f48000 r--p 00005000 103:06 4197349                   /home/cindyfu/.local/share/JetBrains/Toolbox/apps/PyCharm-P/ch-0/193.6494.30/jbr/lib/libjimage.so
7f7251f48000-7f7251f49000 rw-p 00006000 103:06 4197349                   /home/cindyfu/.local/share/JetBrains/Toolbox/apps/PyCharm-P/ch-0/193.6494.30/jbr/lib/libjimage.so
7f7251f49000-7f7251f50000 r-xp 00000000 103:06 4197370                   /home/cindyfu/.local/share/JetBrains/Toolbox/apps/PyCharm-P/ch-0/193.6494.30/jbr/lib/libzip.so
7f7251f50000-7f725214f000 ---p 00007000 103:06 4197370                   /home/cindyfu/.local/share/JetBrains/Toolbox/apps/PyCharm-P/ch-0/193.6494.30/jbr/lib/libzip.so
7f725214f000-7f7252150000 r--p 00006000 103:06 4197370                   /home/cindyfu/.local/share/JetBrains/Toolbox/apps/PyCharm-P/ch-0/193.6494.30/jbr/lib/libzip.so
7f7252150000-7f7252151000 rw-p 00007000 103:06 4197370                   /home/cindyfu/.local/share/JetBrains/Toolbox/apps/PyCharm-P/ch-0/193.6494.30/jbr/lib/libzip.so
7f7252151000-7f725215c000 r-xp 00000000 103:05 1314356                   /lib/x86_64-linux-gnu/libnss_files-2.27.so
7f725215c000-7f725235b000 ---p 0000b000 103:05 1314356                   /lib/x86_64-linux-gnu/libnss_files-2.27.so
7f725235b000-7f725235c000 r--p 0000a000 103:05 1314356                   /lib/x86_64-linux-gnu/libnss_files-2.27.so
7f725235c000-7f725235d000 rw-p 0000b000 103:05 1314356                   /lib/x86_64-linux-gnu/libnss_files-2.27.so
7f725235d000-7f7252363000 rw-p 00000000 00:00 0 
7f7252363000-7f725237a000 r-xp 00000000 103:05 1314350                   /lib/x86_64-linux-gnu/libnsl-2.27.so
7f725237a000-7f7252579000 ---p 00017000 103:05 1314350                   /lib/x86_64-linux-gnu/libnsl-2.27.so
7f7252579000-7f725257a000 r--p 00016000 103:05 1314350                   /lib/x86_64-linux-gnu/libnsl-2.27.so
7f725257a000-7f725257b000 rw-p 00017000 103:05 1314350                   /lib/x86_64-linux-gnu/libnsl-2.27.so
7f725257b000-7f725257d000 rw-p 00000000 00:00 0 
7f725257d000-7f7252588000 r-xp 00000000 103:05 1314367                   /lib/x86_64-linux-gnu/libnss_nis-2.27.so
7f7252588000-7f7252787000 ---p 0000b000 103:05 1314367                   /lib/x86_64-linux-gnu/libnss_nis-2.27.so
7f7252787000-7f7252788000 r--p 0000a000 103:05 1314367                   /lib/x86_64-linux-gnu/libnss_nis-2.27.so
7f7252788000-7f7252789000 rw-p 0000b000 103:05 1314367                   /lib/x86_64-linux-gnu/libnss_nis-2.27.so
7f7252789000-7f7252791000 r-xp 00000000 103:05 1314352                   /lib/x86_64-linux-gnu/libnss_compat-2.27.so
7f7252791000-7f7252991000 ---p 00008000 103:05 1314352                   /lib/x86_64-linux-gnu/libnss_compat-2.27.so
7f7252991000-7f7252992000 r--p 00008000 103:05 1314352                   /lib/x86_64-linux-gnu/libnss_compat-2.27.so
7f7252992000-7f7252993000 rw-p 00009000 103:05 1314352                   /lib/x86_64-linux-gnu/libnss_compat-2.27.so
7f7252993000-7f72529bc000 r-xp 00000000 103:06 4197339                   /home/cindyfu/.local/share/JetBrains/Toolbox/apps/PyCharm-P/ch-0/193.6494.30/jbr/lib/libjava.so
7f72529bc000-7f7252bbb000 ---p 00029000 103:06 4197339                   /home/cindyfu/.local/share/JetBrains/Toolbox/apps/PyCharm-P/ch-0/193.6494.30/jbr/lib/libjava.so
7f7252bbb000-7f7252bbc000 r--p 00028000 103:06 4197339                   /home/cindyfu/.local/share/JetBrains/Toolbox/apps/PyCharm-P/ch-0/193.6494.30/jbr/lib/libjava.so
7f7252bbc000-7f7252bbe000 rw-p 00029000 103:06 4197339                   /home/cindyfu/.local/share/JetBrains/Toolbox/apps/PyCharm-P/ch-0/193.6494.30/jbr/lib/libjava.so
7f7252bbe000-7f7252bcb000 r-xp 00000000 103:06 4197369                   /home/cindyfu/.local/share/JetBrains/Toolbox/apps/PyCharm-P/ch-0/193.6494.30/jbr/lib/libverify.so
7f7252bcb000-7f7252dca000 ---p 0000d000 103:06 4197369                   /home/cindyfu/.local/share/JetBrains/Toolbox/apps/PyCharm-P/ch-0/193.6494.30/jbr/lib/libverify.so
7f7252dca000-7f7252dcc000 r--p 0000c000 103:06 4197369                   /home/cindyfu/.local/share/JetBrains/Toolbox/apps/PyCharm-P/ch-0/193.6494.30/jbr/lib/libverify.so
7f7252dcc000-7f7252dcd000 rw-p 0000e000 103:06 4197369                   /home/cindyfu/.local/share/JetBrains/Toolbox/apps/PyCharm-P/ch-0/193.6494.30/jbr/lib/libverify.so
7f7252dcd000-7f7252dd4000 r-xp 00000000 103:05 1314407                   /lib/x86_64-linux-gnu/librt-2.27.so
7f7252dd4000-7f7252fd3000 ---p 00007000 103:05 1314407                   /lib/x86_64-linux-gnu/librt-2.27.so
7f7252fd3000-7f7252fd4000 r--p 00006000 103:05 1314407                   /lib/x86_64-linux-gnu/librt-2.27.so
7f7252fd4000-7f7252fd5000 rw-p 00007000 103:05 1314407                   /lib/x86_64-linux-gnu/librt-2.27.so
7f7252fd5000-7f7252fec000 r-xp 00000000 103:05 1314053                   /lib/x86_64-linux-gnu/libgcc_s.so.1
7f7252fec000-7f72531eb000 ---p 00017000 103:05 1314053                   /lib/x86_64-linux-gnu/libgcc_s.so.1
7f72531eb000-7f72531ec000 r--p 00016000 103:05 1314053                   /lib/x86_64-linux-gnu/libgcc_s.so.1
7f72531ec000-7f72531ed000 rw-p 00017000 103:05 1314053                   /lib/x86_64-linux-gnu/libgcc_s.so.1
7f72531ed000-7f725338a000 r-xp 00000000 103:05 1314329                   /lib/x86_64-linux-gnu/libm-2.27.so
7f725338a000-7f7253589000 ---p 0019d000 103:05 1314329                   /lib/x86_64-linux-gnu/libm-2.27.so
7f7253589000-7f725358a000 r--p 0019c000 103:05 1314329                   /lib/x86_64-linux-gnu/libm-2.27.so
7f725358a000-7f725358b000 rw-p 0019d000 103:05 1314329                   /lib/x86_64-linux-gnu/libm-2.27.so
7f725358b000-7f7253704000 r-xp 00000000 103:05 1186312                   /usr/lib/x86_64-linux-gnu/libstdc++.so.6.0.25
7f7253704000-7f7253904000 ---p 00179000 103:05 1186312                   /usr/lib/x86_64-linux-gnu/libstdc++.so.6.0.25
7f7253904000-7f725390e000 r--p 00179000 103:05 1186312                   /usr/lib/x86_64-linux-gnu/libstdc++.so.6.0.25
7f725390e000-7f7253910000 rw-p 00183000 103:05 1186312                   /usr/lib/x86_64-linux-gnu/libstdc++.so.6.0.25
7f7253910000-7f7253914000 rw-p 00000000 00:00 0 
7f7253914000-7f72549c5000 r-xp 00000000 103:06 4197382                   /home/cindyfu/.local/share/JetBrains/Toolbox/apps/PyCharm-P/ch-0/193.6494.30/jbr/lib/server/libjvm.so
7f72549c5000-7f7254bc5000 ---p 010b1000 103:06 4197382                   /home/cindyfu/.local/share/JetBrains/Toolbox/apps/PyCharm-P/ch-0/193.6494.30/jbr/lib/server/libjvm.so
7f7254bc5000-7f7254c93000 r--p 010b1000 103:06 4197382                   /home/cindyfu/.local/share/JetBrains/Toolbox/apps/PyCharm-P/ch-0/193.6494.30/jbr/lib/server/libjvm.so
7f7254c93000-7f7254ccd000 rw-p 0117f000 103:06 4197382                   /home/cindyfu/.local/share/JetBrains/Toolbox/apps/PyCharm-P/ch-0/193.6494.30/jbr/lib/server/libjvm.so
7f7254ccd000-7f7254d26000 rw-p 00000000 00:00 0 
7f7254d26000-7f7254f0d000 r-xp 00000000 103:05 1314266                   /lib/x86_64-linux-gnu/libc-2.27.so
7f7254f0d000-7f725510d000 ---p 001e7000 103:05 1314266                   /lib/x86_64-linux-gnu/libc-2.27.so
7f725510d000-7f7255111000 r--p 001e7000 103:05 1314266                   /lib/x86_64-linux-gnu/libc-2.27.so
7f7255111000-7f7255113000 rw-p 001eb000 103:05 1314266                   /lib/x86_64-linux-gnu/libc-2.27.so
7f7255113000-7f7255117000 rw-p 00000000 00:00 0 
7f7255117000-7f725511a000 r-xp 00000000 103:05 1314289                   /lib/x86_64-linux-gnu/libdl-2.27.so
7f725511a000-7f7255319000 ---p 00003000 103:05 1314289                   /lib/x86_64-linux-gnu/libdl-2.27.so
7f7255319000-7f725531a000 r--p 00002000 103:05 1314289                   /lib/x86_64-linux-gnu/libdl-2.27.so
7f725531a000-7f725531b000 rw-p 00003000 103:05 1314289                   /lib/x86_64-linux-gnu/libdl-2.27.so
7f725531b000-7f725532a000 r-xp 00000000 103:06 4197316                   /home/cindyfu/.local/share/JetBrains/Toolbox/apps/PyCharm-P/ch-0/193.6494.30/jbr/lib/jli/libjli.so
7f725532a000-7f7255529000 ---p 0000f000 103:06 4197316                   /home/cindyfu/.local/share/JetBrains/Toolbox/apps/PyCharm-P/ch-0/193.6494.30/jbr/lib/jli/libjli.so
7f7255529000-7f725552a000 r--p 0000e000 103:06 4197316                   /home/cindyfu/.local/share/JetBrains/Toolbox/apps/PyCharm-P/ch-0/193.6494.30/jbr/lib/jli/libjli.so
7f725552a000-7f725552b000 rw-p 0000f000 103:06 4197316                   /home/cindyfu/.local/share/JetBrains/Toolbox/apps/PyCharm-P/ch-0/193.6494.30/jbr/lib/jli/libjli.so
7f725552b000-7f7255545000 r-xp 00000000 103:05 1314399                   /lib/x86_64-linux-gnu/libpthread-2.27.so
7f7255545000-7f7255744000 ---p 0001a000 103:05 1314399                   /lib/x86_64-linux-gnu/libpthread-2.27.so
7f7255744000-7f7255745000 r--p 00019000 103:05 1314399                   /lib/x86_64-linux-gnu/libpthread-2.27.so
7f7255745000-7f7255746000 rw-p 0001a000 103:05 1314399                   /lib/x86_64-linux-gnu/libpthread-2.27.so
7f7255746000-7f725574a000 rw-p 00000000 00:00 0 
7f725574a000-7f7255766000 r-xp 00000000 103:05 1314440                   /lib/x86_64-linux-gnu/libz.so.1.2.11
7f7255766000-7f7255965000 ---p 0001c000 103:05 1314440                   /lib/x86_64-linux-gnu/libz.so.1.2.11
7f7255965000-7f7255966000 r--p 0001b000 103:05 1314440                   /lib/x86_64-linux-gnu/libz.so.1.2.11
7f7255966000-7f7255967000 rw-p 0001c000 103:05 1314440                   /lib/x86_64-linux-gnu/libz.so.1.2.11
7f7255967000-7f725598e000 r-xp 00000000 103:05 1314238                   /lib/x86_64-linux-gnu/ld-2.27.so
7f7255a26000-7f7255a65000 rw-p 00000000 00:00 0 
7f7255a65000-7f7255a69000 ---p 00000000 00:00 0 
7f7255a69000-7f7255b68000 rw-p 00000000 00:00 0 
7f7255b73000-7f7255b78000 rw-p 00000000 00:00 0 
7f7255b78000-7f7255b82000 ---p 00000000 00:00 0 
7f7255b82000-7f7255b8a000 rw-s 00000000 103:05 1051581                   /tmp/hsperfdata_cindyfu/19189
7f7255b8a000-7f7255b8b000 ---p 00000000 00:00 0 
7f7255b8b000-7f7255b8c000 r--p 00000000 00:00 0 
7f7255b8c000-7f7255b8e000 rw-p 00000000 00:00 0 
7f7255b8e000-7f7255b8f000 r--p 00027000 103:05 1314238                   /lib/x86_64-linux-gnu/ld-2.27.so
7f7255b8f000-7f7255b90000 rw-p 00028000 103:05 1314238                   /lib/x86_64-linux-gnu/ld-2.27.so
7f7255b90000-7f7255b91000 rw-p 00000000 00:00 0 
7ffc86c78000-7ffc86c99000 rw-p 00000000 00:00 0                          [stack]
7ffc86d93000-7ffc86d96000 r--p 00000000 00:00 0                          [vvar]
7ffc86d96000-7ffc86d98000 r-xp 00000000 00:00 0                          [vdso]
ffffffffff600000-ffffffffff601000 r-xp 00000000 00:00 0                  [vsyscall]


VM Arguments:
java_command: org.jetbrains.git4idea.http.GitAskPassApp Username for 'https://github.com': 
java_class_path (initial): /home/cindyfu/.local/share/JetBrains/Toolbox/apps/PyCharm-P/ch-0/193.6494.30/plugins/git4idea/lib/git4idea-rt.jar:/home/cindyfu/.local/share/JetBrains/Toolbox/apps/PyCharm-P/ch-0/193.6494.30/lib/xmlrpc-2.0.1.jar:/home/cindyfu/.local/share/JetBrains/Toolbox/apps/PyCharm-P/ch-0/193.6494.30/lib/commons-codec-1.13.jar:/home/cindyfu/.local/share/JetBrains/Toolbox/apps/PyCharm-P/ch-0/193.6494.30/lib/util.jar
Launcher Type: SUN_STANDARD

[Global flags]
     intx CICompilerCount                          = 12                                        {product} {ergonomic}
     uint ConcGCThreads                            = 3                                         {product} {ergonomic}
     uint G1ConcRefinementThreads                  = 13                                        {product} {ergonomic}
   size_t G1HeapRegionSize                         = 2097152                                   {product} {ergonomic}
    uintx GCDrainStackTargetSize                   = 64                                        {product} {ergonomic}
   size_t InitialHeapSize                          = 524288000                                 {product} {ergonomic}
   size_t MarkStackSize                            = 4194304                                   {product} {ergonomic}
   size_t MaxHeapSize                              = 8388608000                                {product} {ergonomic}
   size_t MinHeapDeltaBytes                        = 2097152                                   {product} {ergonomic}
    uintx NonNMethodCodeHeapSize                   = 7594288                                {pd product} {ergonomic}
    uintx NonProfiledCodeHeapSize                  = 122031976                              {pd product} {ergonomic}
    uintx ProfiledCodeHeapSize                     = 122031976                              {pd product} {ergonomic}
    uintx ReservedCodeCacheSize                    = 251658240                              {pd product} {ergonomic}
     bool SegmentedCodeCache                       = true                                      {product} {ergonomic}
     bool UseCompressedClassPointers               = true                                 {lp64_product} {ergonomic}
     bool UseCompressedOops                        = true                                 {lp64_product} {ergonomic}
     bool UseG1GC                                  = true                                      {product} {ergonomic}

Logging:
Log output configuration:
 #0: stdout all=warning uptime,level,tags
 #1: stderr all=off uptime,level,tags

Environment Variables:
PATH=/usr/lib/git-core:/usr/local/sbin:/usr/local/bin:/usr/sbin:/usr/bin:/sbin:/bin:/usr/games:/usr/local/games:/snap/bin
SHELL=/bin/bash
DISPLAY=:0

Signal Handlers:
SIGSEGV: [libjvm.so+0xd9fcf0], sa_mask[0]=11111111011111111101111111111110, sa_flags=SA_RESTART|SA_SIGINFO
SIGBUS: [libjvm.so+0xd9fcf0], sa_mask[0]=11111111011111111101111111111110, sa_flags=SA_RESTART|SA_SIGINFO
SIGFPE: [libjvm.so+0xd9fcf0], sa_mask[0]=11111111011111111101111111111110, sa_flags=SA_RESTART|SA_SIGINFO
SIGPIPE: [libjvm.so+0xba10a0], sa_mask[0]=11111111011111111101111111111110, sa_flags=SA_RESTART|SA_SIGINFO
SIGXFSZ: [libjvm.so+0xba10a0], sa_mask[0]=11111111011111111101111111111110, sa_flags=SA_RESTART|SA_SIGINFO
SIGILL: [libjvm.so+0xd9fcf0], sa_mask[0]=11111111011111111101111111111110, sa_flags=SA_RESTART|SA_SIGINFO
SIGUSR2: [libjvm.so+0xba0f40], sa_mask[0]=00100000000000000000000000000000, sa_flags=SA_RESTART|SA_SIGINFO
SIGHUP: SIG_DFL, sa_mask[0]=00000000000000000000000000000000, sa_flags=none
SIGINT: SIG_DFL, sa_mask[0]=00000000000000000000000000000000, sa_flags=none
SIGTERM: SIG_DFL, sa_mask[0]=00000000000000000000000000000000, sa_flags=none
SIGQUIT: SIG_DFL, sa_mask[0]=00000000000000000000000000000000, sa_flags=none


---------------  S Y S T E M  ---------------

OS:DISTRIB_ID=LinuxMint
DISTRIB_RELEASE=19.3
DISTRIB_CODENAME=tricia
DISTRIB_DESCRIPTION="Linux Mint 19.3 Tricia"
uname:Linux 4.15.0-76-generic #86-Ubuntu SMP Fri Jan 17 17:24:28 UTC 2020 x86_64
libc:glibc 2.27 NPTL 2.27 
rlimit: STACK 8192k, CORE 0k, NPROC 127535, NOFILE 1048576, AS infinity, DATA infinity, FSIZE infinity
load average:1.36 0.80 0.75

/proc/meminfo:
MemTotal:       32762980 kB
MemFree:          204344 kB
MemAvailable:     265756 kB
Buffers:           24724 kB
Cached:          1556400 kB
SwapCached:        47756 kB
Active:         29261000 kB
Inactive:        1880156 kB
Active(anon):   29077864 kB
Inactive(anon):  1717952 kB
Active(file):     183136 kB
Inactive(file):   162204 kB
Unevictable:        1216 kB
Mlocked:            1216 kB
SwapTotal:      16601084 kB
SwapFree:          13960 kB
Dirty:               396 kB
Writeback:           728 kB
AnonPages:      29522640 kB
Mapped:          1581876 kB
Shmem:           1235244 kB
Slab:             464928 kB
SReclaimable:     171024 kB
SUnreclaim:       293904 kB
KernelStack:       78864 kB
PageTables:       467372 kB
NFS_Unstable:          0 kB
Bounce:                0 kB
WritebackTmp:          0 kB
CommitLimit:    32982572 kB
Committed_AS:   101350928 kB
VmallocTotal:   34359738367 kB
VmallocUsed:           0 kB
VmallocChunk:          0 kB
HardwareCorrupted:     0 kB
AnonHugePages:   4759552 kB
ShmemHugePages:        0 kB
ShmemPmdMapped:        0 kB
CmaTotal:              0 kB
CmaFree:               0 kB
HugePages_Total:       0
HugePages_Free:        0
HugePages_Rsvd:        0
HugePages_Surp:        0
Hugepagesize:       2048 kB
DirectMap4k:     6036440 kB
DirectMap2M:    27342848 kB
DirectMap1G:           0 kB


/proc/sys/kernel/threads-max (system-wide limit on the number of threads):
255071


/proc/sys/vm/max_map_count (maximum number of memory map areas a process may have):
65530


/proc/sys/kernel/pid_max (system-wide limit on number of process identifiers):
32768



container (cgroup) information:
container_type: cgroupv1
cpu_cpuset_cpus: 0-15
cpu_memory_nodes: 0
active_processor_count: 16
cpu_quota: -1
cpu_period: 100000
cpu_shares: -1
memory_limit_in_bytes: -1
memory_and_swap_limit_in_bytes: -2
memory_soft_limit_in_bytes: -1
memory_usage_in_bytes: 31891468288
memory_max_usage_in_bytes: 245666988032

Steal ticks since vm start: 0
Steal ticks percentage since vm start:  0.000

CPU:total 16 (initial active 16) (8 cores per cpu, 2 threads per core) family 6 model 158 stepping 13, cmov, cx8, fxsr, mmx, sse, sse2, sse3, ssse3, sse4.1, sse4.2, popcnt, avx, avx2, aes, clmul, erms, 3dnowpref, lzcnt, ht, tsc, tscinvbit, bmi1, bmi2, adx, fma
CPU Model and flags from /proc/cpuinfo:
model name	: Intel(R) Core(TM) i9-9900 CPU @ 3.10GHz
flags		: fpu vme de pse tsc msr pae mce cx8 apic sep mtrr pge mca cmov pat pse36 clflush dts acpi mmx fxsr sse sse2 ss ht tm pbe syscall nx pdpe1gb rdtscp lm constant_tsc art arch_perfmon pebs bts rep_good nopl xtopology nonstop_tsc cpuid aperfmperf tsc_known_freq pni pclmulqdq dtes64 monitor ds_cpl vmx smx est tm2 ssse3 sdbg fma cx16 xtpr pdcm pcid sse4_1 sse4_2 x2apic movbe popcnt tsc_deadline_timer aes xsave avx f16c rdrand lahf_lm abm 3dnowprefetch cpuid_fault epb invpcid_single ssbd ibrs ibpb stibp ibrs_enhanced tpr_shadow vnmi flexpriority ept vpid fsgsbase tsc_adjust bmi1 hle avx2 smep bmi2 erms invpcid mpx rdseed adx smap clflushopt intel_pt xsaveopt xsavec xgetbv1 xsaves dtherm ida arat pln pts hwp hwp_notify hwp_act_window hwp_epp md_clear flush_l1d arch_capabilities

Memory: 4k page, physical 32762980k(204344k free), swap 16601084k(13960k free)

vm_info: OpenJDK 64-Bit Server VM (11.0.5+10-b520.38) for linux-amd64 JRE (11.0.5+10-b520.38), built on Jan 23 2020 05:15:08 by "" with gcc 4.8.5 20150623 (Red Hat 4.8.5-36)

END.
