Beginning analysis using:
2078 mutations
5 sample(s)

Iteration: 0
Number of clusters: 2078
DP concentration: 1.0
Beta-Binomial precision: 1000

Iteration: 100
Number of clusters: 17
DP concentration: 2.100081862
Beta-Binomial precision: 997.32566119

Iteration: 200
Number of clusters: 18
DP concentration: 2.08599353631
Beta-Binomial precision: 1147.06578995

Iteration: 300
Number of clusters: 17
DP concentration: 2.058994863
Beta-Binomial precision: 1252.09800611

Iteration: 400
Number of clusters: 18
DP concentration: 3.04462800839
Beta-Binomial precision: 1171.68157014

Iteration: 500
Number of clusters: 18
DP concentration: 2.08404398238
Beta-Binomial precision: 1159.94371731

Iteration: 600
Number of clusters: 18
DP concentration: 2.42404016031
Beta-Binomial precision: 1353.95870745

Iteration: 700
Number of clusters: 17
DP concentration: 3.0991349008
Beta-Binomial precision: 1450.63622438

Iteration: 800
Number of clusters: 18
DP concentration: 3.89961248963
Beta-Binomial precision: 1413.30472378

Iteration: 900
Number of clusters: 19
DP concentration: 2.62488105554
Beta-Binomial precision: 1488.64056684

Iteration: 1000
Number of clusters: 18
DP concentration: 2.17645593601
Beta-Binomial precision: 1486.51892434

Iteration: 1100
Number of clusters: 19
DP concentration: 2.27644565039
Beta-Binomial precision: 1488.45492115

Iteration: 1200
Number of clusters: 19
DP concentration: 4.32330140597
Beta-Binomial precision: 1486.73993097

Iteration: 1300
Number of clusters: 19
DP concentration: 2.96998685128
Beta-Binomial precision: 1528.87267707

Iteration: 1400
Number of clusters: 19
DP concentration: 3.7067513135
Beta-Binomial precision: 1513.6812315

Iteration: 1500
Number of clusters: 20
DP concentration: 4.82781396995
Beta-Binomial precision: 1550.14242991

Iteration: 1600
Number of clusters: 19
DP concentration: 2.66919339827
Beta-Binomial precision: 1486.62137632

Iteration: 1700
Number of clusters: 19
DP concentration: 3.2661403008
Beta-Binomial precision: 1486.62815772

Iteration: 1800
Number of clusters: 18
DP concentration: 4.39618684303
Beta-Binomial precision: 1486.64227077

Iteration: 1900
Number of clusters: 18
DP concentration: 2.96619708771
Beta-Binomial precision: 1486.69953421

Iteration: 2000
Number of clusters: 18
DP concentration: 3.14188593739
Beta-Binomial precision: 1486.63361588

Iteration: 2100
Number of clusters: 19
DP concentration: 2.56567564484
Beta-Binomial precision: 1572.12490484

Iteration: 2200
Number of clusters: 18
DP concentration: 3.57092391274
Beta-Binomial precision: 1593.09848074

Iteration: 2300
Number of clusters: 19
DP concentration: 3.28268786395
Beta-Binomial precision: 1695.48316224

Iteration: 2400
Number of clusters: 19
DP concentration: 4.11226710732
Beta-Binomial precision: 1820.11095579

Iteration: 2500
Number of clusters: 20
DP concentration: 3.57547392998
Beta-Binomial precision: 1655.26374817

Iteration: 2600
Number of clusters: 19
DP concentration: 3.42536983793
Beta-Binomial precision: 1669.5886507

Iteration: 2700
Number of clusters: 19
DP concentration: 2.68087501343
Beta-Binomial precision: 1661.87337227

Iteration: 2800
Number of clusters: 21
DP concentration: 4.69282372022
Beta-Binomial precision: 1674.04935013

Iteration: 2900
Number of clusters: 20
DP concentration: 3.11777010992
Beta-Binomial precision: 1643.50862306

Iteration: 3000
Number of clusters: 19
DP concentration: 1.60939977576
Beta-Binomial precision: 1576.4039202

Iteration: 3100
Number of clusters: 18
DP concentration: 2.70382502196
Beta-Binomial precision: 1583.25202544

Iteration: 3200
Number of clusters: 17
DP concentration: 2.34196508566
Beta-Binomial precision: 1569.37964101

Iteration: 3300
Number of clusters: 18
DP concentration: 1.63159148222
Beta-Binomial precision: 1570.1528081

Iteration: 3400
Number of clusters: 18
DP concentration: 2.69480103734
Beta-Binomial precision: 1570.42793893

Iteration: 3500
Number of clusters: 18
DP concentration: 1.75651689004
Beta-Binomial precision: 1576.39711793

Iteration: 3600
Number of clusters: 18
DP concentration: 4.8444384582
Beta-Binomial precision: 1569.33855602

Iteration: 3700
Number of clusters: 18
DP concentration: 2.08139505244
Beta-Binomial precision: 1569.33855602

Iteration: 3800
Number of clusters: 19
DP concentration: 2.06939048288
Beta-Binomial precision: 1624.33905237

Iteration: 3900
Number of clusters: 21
DP concentration: 3.00075172798
Beta-Binomial precision: 1752.47242345

Iteration: 4000
Number of clusters: 19
DP concentration: 1.98868393467
Beta-Binomial precision: 1569.98824956

Iteration: 4100
Number of clusters: 21
DP concentration: 3.19079507913
Beta-Binomial precision: 1571.52640059

Iteration: 4200
Number of clusters: 19
DP concentration: 2.65004856405
Beta-Binomial precision: 1681.43297898

Iteration: 4300
Number of clusters: 18
DP concentration: 1.73449834726
Beta-Binomial precision: 1574.11896817

Iteration: 4400
Number of clusters: 18
DP concentration: 2.47440095726
Beta-Binomial precision: 1741.91445195

Iteration: 4500
Number of clusters: 19
DP concentration: 2.34319971135
Beta-Binomial precision: 1636.81506602

Iteration: 4600
Number of clusters: 19
DP concentration: 3.29033344137
Beta-Binomial precision: 1585.82121804

Iteration: 4700
Number of clusters: 20
DP concentration: 4.54840077682
Beta-Binomial precision: 1569.48322869

Iteration: 4800
Number of clusters: 21
DP concentration: 4.43736019207
Beta-Binomial precision: 1569.35933971

Iteration: 4900
Number of clusters: 20
DP concentration: 2.56895060503
Beta-Binomial precision: 1569.35933971

Iteration: 5000
Number of clusters: 20
DP concentration: 4.14874729527
Beta-Binomial precision: 1616.38111145

Iteration: 5100
Number of clusters: 19
DP concentration: 3.20409112423
Beta-Binomial precision: 1575.14105525

Iteration: 5200
Number of clusters: 19
DP concentration: 3.51904222489
Beta-Binomial precision: 1569.35191598

Iteration: 5300
Number of clusters: 20
DP concentration: 3.05572448687
Beta-Binomial precision: 1597.2906142

Iteration: 5400
Number of clusters: 20
DP concentration: 4.57782522043
Beta-Binomial precision: 1569.85063859

Iteration: 5500
Number of clusters: 18
DP concentration: 3.10194229542
Beta-Binomial precision: 1757.33863402

Iteration: 5600
Number of clusters: 19
DP concentration: 3.03843373469
Beta-Binomial precision: 1691.21136887

Iteration: 5700
Number of clusters: 20
DP concentration: 2.60239080238
Beta-Binomial precision: 1674.48230052

Iteration: 5800
Number of clusters: 19
DP concentration: 3.94305412247
Beta-Binomial precision: 1577.31376896

Iteration: 5900
Number of clusters: 18
DP concentration: 2.81087418815
Beta-Binomial precision: 1592.46209863

Iteration: 6000
Number of clusters: 19
DP concentration: 3.6725971115
Beta-Binomial precision: 1572.46853818

Iteration: 6100
Number of clusters: 18
DP concentration: 1.61687435947
Beta-Binomial precision: 1592.3660146

Iteration: 6200
Number of clusters: 18
DP concentration: 2.92489432211
Beta-Binomial precision: 1671.13019512

Iteration: 6300
Number of clusters: 19
DP concentration: 2.96387035871
Beta-Binomial precision: 1569.75809202

Iteration: 6400
Number of clusters: 18
DP concentration: 2.87121286685
Beta-Binomial precision: 1571.4994914

Iteration: 6500
Number of clusters: 20
DP concentration: 3.32922964154
Beta-Binomial precision: 1571.75007115

Iteration: 6600
Number of clusters: 18
DP concentration: 2.31440591888
Beta-Binomial precision: 1569.48448906

Iteration: 6700
Number of clusters: 19
DP concentration: 2.50163024259
Beta-Binomial precision: 1569.47892871

Iteration: 6800
Number of clusters: 19
DP concentration: 3.11255896741
Beta-Binomial precision: 1581.43348744

Iteration: 6900
Number of clusters: 18
DP concentration: 1.74952458497
Beta-Binomial precision: 1573.04437064

Iteration: 7000
Number of clusters: 19
DP concentration: 1.8773012939
Beta-Binomial precision: 1588.71229417

Iteration: 7100
Number of clusters: 19
DP concentration: 2.55561703807
Beta-Binomial precision: 1574.79097189

Iteration: 7200
Number of clusters: 19
DP concentration: 2.66969302784
Beta-Binomial precision: 1574.05757501

Iteration: 7300
Number of clusters: 19
DP concentration: 2.49145915434
Beta-Binomi/home/ec2-user/anaconda3/envs/pyclone/lib/python2.7/site-packages/pyclone/post_process/clusters.py:63: RuntimeWarning: invalid value encountered in sqrt
  std = np.sqrt(var)
/home/ec2-user/anaconda3/envs/pyclone/lib/python2.7/site-packages/pyclone/post_process/loci.py:112: YAMLLoadWarning: calling yaml.load() without Loader=... is deprecated, as the default Loader is unsafe. Please read https://msg.pyyaml.org/load for full details.
  config = yaml.load(fh)
al precision: 1680.70532892

Iteration: 7400
Number of clusters: 19
DP concentration: 3.47268520603
Beta-Binomial precision: 1573.53069314

Iteration: 7500
Number of clusters: 21
DP concentration: 3.13701342652
Beta-Binomial precision: 1573.76597786

Iteration: 7600
Number of clusters: 19
DP concentration: 2.54887659504
Beta-Binomial precision: 1573.47561392

Iteration: 7700
Number of clusters: 19
DP concentration: 2.80572056054
Beta-Binomial precision: 1573.47561392

Iteration: 7800
Number of clusters: 20
DP concentration: 2.73806153529
Beta-Binomial precision: 1573.47561392

Iteration: 7900
Number of clusters: 21
DP concentration: 3.21086854214
Beta-Binomial precision: 1573.47561392

Iteration: 8000
Number of clusters: 20
DP concentration: 1.85952666611
Beta-Binomial precision: 1573.47561392

Iteration: 8100
Number of clusters: 19
DP concentration: 4.08306598243
Beta-Binomial precision: 1574.05835625

Iteration: 8200
Number of clusters: 20
DP concentration: 2.76521613241
Beta-Binomial precision: 1646.23203886

Iteration: 8300
Number of clusters: 20
DP concentration: 4.40609503179
Beta-Binomial precision: 1631.54458603

Iteration: 8400
Number of clusters: 19
DP concentration: 2.78275018415
Beta-Binomial precision: 1574.21516722

Iteration: 8500
Number of clusters: 19
DP concentration: 3.19909402604
Beta-Binomial precision: 1573.5350352

Iteration: 8600
Number of clusters: 20
DP concentration: 1.97568331417
Beta-Binomial precision: 1573.53360036

Iteration: 8700
Number of clusters: 19
DP concentration: 3.15441985126
Beta-Binomial precision: 1573.53360036

Iteration: 8800
Number of clusters: 20
DP concentration: 3.99094561072
Beta-Binomial precision: 1576.75032241

Iteration: 8900
Number of clusters: 20
DP concentration: 3.19699934518
Beta-Binomial precision: 1588.02376499

Iteration: 9000
Number of clusters: 20
DP concentration: 3.99274784853
Beta-Binomial precision: 1573.62709809

Iteration: 9100
Number of clusters: 19
DP concentration: 2.56441435195
Beta-Binomial precision: 1573.48687488

Iteration: 9200
Number of clusters: 19
DP concentration: 3.75226028174
Beta-Binomial precision: 1573.48687488

Iteration: 9300
Number of clusters: 19
DP concentration: 2.29713334205
Beta-Binomial precision: 1573.48687488

Iteration: 9400
Number of clusters: 20
DP concentration: 4.28242104039
Beta-Binomial precision: 1575.62678402

Iteration: 9500
Number of clusters: 18
DP concentration: 3.40924891838
Beta-Binomial precision: 1588.71972951

Iteration: 9600
Number of clusters: 20
DP concentration: 3.53655063064
Beta-Binomial precision: 1574.91310362

Iteration: 9700
Number of clusters: 18
DP concentration: 2.04283579007
Beta-Binomial precision: 1582.49306937

Iteration: 9800
Number of clusters: 17
DP concentration: 1.8337012506
Beta-Binomial precision: 1573.48562213

Iteration: 9900
Number of clusters: 18
DP concentration: 2.21858853213
Beta-Binomial precision: 1573.48562213

Traceback (most recent call last):
  File "/home/ec2-user/anaconda3/envs/pyclone/bin/PyClone", line 10, in <module>
    sys.exit(main())
  File "/home/ec2-user/anaconda3/envs/pyclone/lib/python2.7/site-packages/pyclone/cli.py", line 78, in main
    args.func(args)
  File "/home/ec2-user/anaconda3/envs/pyclone/lib/python2.7/site-packages/pyclone/run.py", line 97, in run_analysis_pipeline
    args.thin
  File "/home/ec2-user/anaconda3/envs/pyclone/lib/python2.7/site-packages/pyclone/run.py", line 409, in _cluster_plot
    samples=samples,
  File "/home/ec2-user/anaconda3/envs/pyclone/lib/python2.7/site-packages/pyclone/post_process/plot/clusters.py", line 58, in density_plot
    fig = pp.figure(figsize=(width, height))
  File "/home/ec2-user/.local/lib/python2.7/site-packages/matplotlib/pyplot.py", line 533, in figure
    **kwargs)
  File "/home/ec2-user/.local/lib/python2.7/site-packages/matplotlib/backend_bases.py", line 161, in new_figure_manager
    return cls.new_figure_manager_given_figure(num, fig)
  File "/home/ec2-user/.local/lib/python2.7/site-packages/matplotlib/backends/_backend_tk.py", line 1046, in new_figure_manager_given_figure
    window = Tk.Tk(className="matplotlib")
  File "/home/ec2-user/anaconda3/envs/pyclone/lib/python2.7/lib-tk/Tkinter.py", line 1819, in __init__
    self.tk = _tkinter.create(screenName, baseName, className, interactive, wantobjects, useTk, sync, use)
_tkinter.TclError: no display name and no $DISPLAY environment variable
