Beginning analysis using:
2075 mutations
5 sample(s)

Iteration: 0
Number of clusters: 2075
DP concentration: 1.0
Beta-Binomial precision: 1000

Iteration: 100
Number of clusters: 19
DP concentration: 3.17334479842
Beta-Binomial precision: 1057.91637185

Iteration: 200
Number of clusters: 18
DP concentration: 2.77021387703
Beta-Binomial precision: 1126.23716565

Iteration: 300
Number of clusters: 17
DP concentration: 3.38643125763
Beta-Binomial precision: 1290.98001878

Iteration: 400
Number of clusters: 17
DP concentration: 3.14927205647
Beta-Binomial precision: 1327.48877471

Iteration: 500
Number of clusters: 19
DP concentration: 2.46321417849
Beta-Binomial precision: 1424.02615124

Iteration: 600
Number of clusters: 22
DP concentration: 3.35282670906
Beta-Binomial precision: 1560.46649484

Iteration: 700
Number of clusters: 21
DP concentration: 3.4037698739
Beta-Binomial precision: 1575.54664094

Iteration: 800
Number of clusters: 21
DP concentration: 3.08354160795
Beta-Binomial precision: 1648.66113934

Iteration: 900
Number of clusters: 18
DP concentration: 3.23906565702
Beta-Binomial precision: 1900.17431204

Iteration: 1000
Number of clusters: 18
DP concentration: 2.56774983337
Beta-Binomial precision: 1768.03966746

Iteration: 1100
Number of clusters: 18
DP concentration: 2.49048154022
Beta-Binomial precision: 1810.43663117

Iteration: 1200
Number of clusters: 18
DP concentration: 3.08295159854
Beta-Binomial precision: 1707.55005807

Iteration: 1300
Number of clusters: 18
DP concentration: 2.63600576102
Beta-Binomial precision: 1720.48475784

Iteration: 1400
Number of clusters: 19
DP concentration: 4.43386466966
Beta-Binomial precision: 1652.19295086

Iteration: 1500
Number of clusters: 19
DP concentration: 2.21610374441
Beta-Binomial precision: 1642.31111743

Iteration: 1600
Number of clusters: 20
DP concentration: 2.95421402036
Beta-Binomial precision: 1730.9178105

Iteration: 1700
Number of clusters: 19
DP concentration: 3.16630950252
Beta-Binomial precision: 1825.60676249

Iteration: 1800
Number of clusters: 18
DP concentration: 2.34784893685
Beta-Binomial precision: 1539.11243509

Iteration: 1900
Number of clusters: 19
DP concentration: 2.02458205059
Beta-Binomial precision: 1643.82857044

Iteration: 2000
Number of clusters: 19
DP concentration: 2.67300271784
Beta-Binomial precision: 1399.77234272

Iteration: 2100
Number of clusters: 18
DP concentration: 3.80747994107
Beta-Binomial precision: 1597.81023237

Iteration: 2200
Number of clusters: 18
DP concentration: 2.20695430621
Beta-Binomial precision: 1606.53636153

Iteration: 2300
Number of clusters: 17
DP concentration: 2.14298255943
Beta-Binomial precision: 1656.38757951

Iteration: 2400
Number of clusters: 19
DP concentration: 2.44677101509
Beta-Binomial precision: 1636.96359256

Iteration: 2500
Number of clusters: 18
DP concentration: 2.37641851761
Beta-Binomial precision: 1531.95490655

Iteration: 2600
Number of clusters: 19
DP concentration: 2.4040382297
Beta-Binomial precision: 1608.01160019

Iteration: 2700
Number of clusters: 19
DP concentration: 3.77874040784
Beta-Binomial precision: 1686.96411242

Iteration: 2800
Number of clusters: 20
DP concentration: 4.01262010814
Beta-Binomial precision: 1606.07716302

Iteration: 2900
Number of clusters: 19
DP concentration: 2.9322488616
Beta-Binomial precision: 1633.90453355

Iteration: 3000
Number of clusters: 18
DP concentration: 2.28345375844
Beta-Binomial precision: 1669.28699321

Iteration: 3100
Number of clusters: 17
DP concentration: 2.35994416713
Beta-Binomial precision: 1491.78024386

Iteration: 3200
Number of clusters: 16
DP concentration: 2.50922250497
Beta-Binomial precision: 1468.50641198

Iteration: 3300
Number of clusters: 15
DP concentration: 2.657789375
Beta-Binomial precision: 1671.85594752

Iteration: 3400
Number of clusters: 16
DP concentration: 3.54214742667
Beta-Binomial precision: 1739.5813629

Iteration: 3500
Number of clusters: 18
DP concentration: 2.59397067872
Beta-Binomial precision: 1701.04183461

Iteration: 3600
Number of clusters: 16
DP concentration: 2.14355270668
Beta-Binomial precision: 1646.6180812

Iteration: 3700
Number of clusters: 15
DP concentration: 3.52257347318
Beta-Binomial precision: 1681.72872771

Iteration: 3800
Number of clusters: 17
DP concentration: 2.8344274891
Beta-Binomial precision: 1819.37398107

Iteration: 3900
Number of clusters: 16
DP concentration: 2.35500178573
Beta-Binomial precision: 1817.69233354

Iteration: 4000
Number of clusters: 17
DP concentration: 2.46435817436
Beta-Binomial precision: 1714.72204181

Iteration: 4100
Number of clusters: 17
DP concentration: 3.04851840561
Beta-Binomial precision: 1698.64887509

Iteration: 4200
Number of clusters: 16
DP concentration: 2.901237868
Beta-Binomial precision: 1562.03276776

Iteration: 4300
Number of clusters: 17
DP concentration: 2.79748150802
Beta-Binomial precision: 1463.50182499

Iteration: 4400
Number of clusters: 16
DP concentration: 2.15301001201
Beta-Binomial precision: 1480.03842904

Iteration: 4500
Number of clusters: 16
DP concentration: 2.33924884749
Beta-Binomial precision: 1440.06662192

Iteration: 4600
Number of clusters: 14
DP concentration: 1.60368360083
Beta-Binomial precision: 1392.00857096

Iteration: 4700
Number of clusters: 14
DP concentration: 1.93593965614
Beta-Binomial precision: 1422.73433805

Iteration: 4800
Number of clusters: 13
DP concentration: 1.96169890073
Beta-Binomial precision: 1466.44872849

Iteration: 4900
Number of clusters: 14
DP concentration: 1.57612057493
Beta-Binomial precision: 1579.63743928

Iteration: 5000
Number of clusters: 15
DP concentration: 2.88801978291
Beta-Binomial precision: 1643.44660691

Iteration: 5100
Number of clusters: 16
DP concentration: 3.47451649836
Beta-Binomial precision: 1692.91270938

Iteration: 5200
Number of clusters: 16
DP concentration: 2.58567976001
Beta-Binomial precision: 1702.31807294

Iteration: 5300
Number of clusters: 19
DP concentration: 0.923030682771
Beta-Binomial precision: 2030.14490688

Iteration: 5400
Number of clusters: 19
DP concentration: 2.26267609926
Beta-Binomial precision: 2097.20672027

Iteration: 5500
Number of clusters: 18
DP concentration: 2.52466912883
Beta-Binomial precision: 1948.65211497

Iteration: 5600
Number of clusters: 18
DP concentration: 2.54530938381
Beta-Binomial precision: 2071.29291886

Iteration: 5700
Number of clusters: 20
DP concentration: 4.24176293765
Beta-Binomial precision: 2046.99284231

Iteration: 5800
Number of clusters: 20
DP concentration: 4.35086089176
Beta-Binomial precision: 2155.46443431

Iteration: 5900
Number of clusters: 19
DP concentration: 3.23578814105
Beta-Binomial precision: 2125.22599891

Iteration: 6000
Number of clusters: 17
DP concentration: 2.4080860749
Beta-Binomial precision: 2079.14924084

Iteration: 6100
Number of clusters: 17
DP concentration: 2.71698834857
Beta-Binomial precision: 2197.40060389

Iteration: 6200
Number of clusters: 18
DP concentration: 2.345504522
Beta-Binomial precision: 2099.9679303

Iteration: 6300
Number of clusters: 18
DP concentration: 3.88421373055
Beta-Binomial precision: 2133.70939687

Iteration: 6400
Number of clusters: 17
DP concentration: 2.53055767425
Beta-Binomial precision: 2116.10002667

Iteration: 6500
Number of clusters: 17
DP concentration: 3.23767011218
Beta-Binomial precision: 2174.78034632

Iteration: 6600
Number of clusters: 17
DP concentration: 1.59368642579
Beta-Binomial precision: 2108.2797377

Iteration: 6700
Number of clusters: 17
DP concentration: 3.18867354362
Beta-Binomial precision: 2122.95686839

Iteration: 6800
Number of clusters: 16
DP concentration: 2.44789950548
Beta-Binomial precision: 2085.43433441

Iteration: 6900
Number of clusters: 18
DP concentration: 2.63506227299
Beta-Binomial precision: 2117.74085299

Iteration: 7000
Number of clusters: 18
DP concentration: 3.86350314267
Beta-Binomial precision: 2131.33723372

Iteration: 7100
Number of clusters: 17
DP concentration: 4.43288533658
Beta-Binomial precision: 1990.80203265

Iteration: 7200
Number of clusters: 17
DP concentration: 3.32122636739
Beta-Binomial precision: 1932.08030323

Iteration: 7300
Number of clusters: 18
DP concentration: 3.33889268859
Beta-Bin/home/ec2-user/anaconda3/envs/pyclone/lib/python2.7/site-packages/pyclone/post_process/loci.py:112: YAMLLoadWarning: calling yaml.load() without Loader=... is deprecated, as the default Loader is unsafe. Please read https://msg.pyyaml.org/load for full details.
  config = yaml.load(fh)
omial precision: 1746.41154705

Iteration: 7400
Number of clusters: 17
DP concentration: 2.22208894082
Beta-Binomial precision: 1575.38095687

Iteration: 7500
Number of clusters: 17
DP concentration: 1.89437227879
Beta-Binomial precision: 1552.84168837

Iteration: 7600
Number of clusters: 20
DP concentration: 3.28006720584
Beta-Binomial precision: 1491.33352507

Iteration: 7700
Number of clusters: 18
DP concentration: 2.79222291605
Beta-Binomial precision: 1517.07461748

Iteration: 7800
Number of clusters: 17
DP concentration: 2.67956300026
Beta-Binomial precision: 1535.64240098

Iteration: 7900
Number of clusters: 15
DP concentration: 1.26293264325
Beta-Binomial precision: 1420.64153337

Iteration: 8000
Number of clusters: 17
DP concentration: 1.65671929694
Beta-Binomial precision: 1402.85638738

Iteration: 8100
Number of clusters: 15
DP concentration: 2.40646015898
Beta-Binomial precision: 1484.15665926

Iteration: 8200
Number of clusters: 17
DP concentration: 2.1105677722
Beta-Binomial precision: 1648.46042508

Iteration: 8300
Number of clusters: 19
DP concentration: 3.20535260415
Beta-Binomial precision: 1593.76344319

Iteration: 8400
Number of clusters: 17
DP concentration: 2.87332893425
Beta-Binomial precision: 1731.66232854

Iteration: 8500
Number of clusters: 16
DP concentration: 3.33163895748
Beta-Binomial precision: 1843.07215295

Iteration: 8600
Number of clusters: 19
DP concentration: 2.88039842009
Beta-Binomial precision: 1906.39692169

Iteration: 8700
Number of clusters: 18
DP concentration: 2.2604798529
Beta-Binomial precision: 1848.5745135

Iteration: 8800
Number of clusters: 16
DP concentration: 1.42566379775
Beta-Binomial precision: 1936.23523994

Iteration: 8900
Number of clusters: 16
DP concentration: 2.18840156908
Beta-Binomial precision: 1906.77334143

Iteration: 9000
Number of clusters: 16
DP concentration: 3.02465139938
Beta-Binomial precision: 1888.48258864

Iteration: 9100
Number of clusters: 18
DP concentration: 2.85576442586
Beta-Binomial precision: 1825.66123934

Iteration: 9200
Number of clusters: 18
DP concentration: 2.21561791761
Beta-Binomial precision: 1838.9490506

Iteration: 9300
Number of clusters: 19
DP concentration: 4.31503980362
Beta-Binomial precision: 1921.87451403

Iteration: 9400
Number of clusters: 22
DP concentration: 4.36121325898
Beta-Binomial precision: 2118.6546252

Iteration: 9500
Number of clusters: 20
DP concentration: 3.33063048716
Beta-Binomial precision: 2129.35631046

Iteration: 9600
Number of clusters: 19
DP concentration: 4.23999735018
Beta-Binomial precision: 2170.70560033

Iteration: 9700
Number of clusters: 18
DP concentration: 4.20729484521
Beta-Binomial precision: 2174.38945654

Iteration: 9800
Number of clusters: 20
DP concentration: 3.89367941832
Beta-Binomial precision: 2317.66576474

Iteration: 9900
Number of clusters: 18
DP concentration: 3.38663125783
Beta-Binomial precision: 2165.92209944

Traceback (most recent call last):
  File "/home/ec2-user/anaconda3/envs/pyclone/bin/PyClone", line 10, in <module>
    sys.exit(main())
  File "/home/ec2-user/anaconda3/envs/pyclone/lib/python2.7/site-packages/pyclone/cli.py", line 78, in main
    args.func(args)
  File "/home/ec2-user/anaconda3/envs/pyclone/lib/python2.7/site-packages/pyclone/run.py", line 97, in run_analysis_pipeline
    args.thin
  File "/home/ec2-user/anaconda3/envs/pyclone/lib/python2.7/site-packages/pyclone/run.py", line 409, in _cluster_plot
    samples=samples,
  File "/home/ec2-user/anaconda3/envs/pyclone/lib/python2.7/site-packages/pyclone/post_process/plot/clusters.py", line 58, in density_plot
    fig = pp.figure(figsize=(width, height))
  File "/home/ec2-user/.local/lib/python2.7/site-packages/matplotlib/pyplot.py", line 533, in figure
    **kwargs)
  File "/home/ec2-user/.local/lib/python2.7/site-packages/matplotlib/backend_bases.py", line 161, in new_figure_manager
    return cls.new_figure_manager_given_figure(num, fig)
  File "/home/ec2-user/.local/lib/python2.7/site-packages/matplotlib/backends/_backend_tk.py", line 1046, in new_figure_manager_given_figure
    window = Tk.Tk(className="matplotlib")
  File "/home/ec2-user/anaconda3/envs/pyclone/lib/python2.7/lib-tk/Tkinter.py", line 1819, in __init__
    self.tk = _tkinter.create(screenName, baseName, className, interactive, wantobjects, useTk, sync, use)
_tkinter.TclError: no display name and no $DISPLAY environment variable
