Beginning analysis using:
1991 mutations
5 sample(s)

Iteration: 0
Number of clusters: 1991
DP concentration: 1.0
Beta-Binomial precision: 1000

Iteration: 100
Number of clusters: 15
DP concentration: 2.10983974947
Beta-Binomial precision: 897.749460945

Iteration: 200
Number of clusters: 14
DP concentration: 1.50712377057
Beta-Binomial precision: 968.323266559

Iteration: 300
Number of clusters: 15
DP concentration: 2.83943441582
Beta-Binomial precision: 1107.77635049

Iteration: 400
Number of clusters: 13
DP concentration: 2.87092699664
Beta-Binomial precision: 1166.82623791

Iteration: 500
Number of clusters: 12
DP concentration: 1.03976299731
Beta-Binomial precision: 1286.29444482

Iteration: 600
Number of clusters: 12
DP concentration: 1.46453980183
Beta-Binomial precision: 1431.73184529

Iteration: 700
Number of clusters: 13
DP concentration: 1.65107222417
Beta-Binomial precision: 1405.12396694

Iteration: 800
Number of clusters: 13
DP concentration: 3.09620764113
Beta-Binomial precision: 1456.14254785

Iteration: 900
Number of clusters: 13
DP concentration: 1.29929129541
Beta-Binomial precision: 1557.97975121

Iteration: 1000
Number of clusters: 15
DP concentration: 3.37296900311
Beta-Binomial precision: 1627.66804177

Iteration: 1100
Number of clusters: 16
DP concentration: 2.50210554366
Beta-Binomial precision: 1815.06713111

Iteration: 1200
Number of clusters: 16
DP concentration: 2.24529841295
Beta-Binomial precision: 1806.5450504

Iteration: 1300
Number of clusters: 15
DP concentration: 1.60595425173
Beta-Binomial precision: 1896.16843742

Iteration: 1400
Number of clusters: 15
DP concentration: 3.40270433489
Beta-Binomial precision: 1960.61751019

Iteration: 1500
Number of clusters: 15
DP concentration: 2.00964727033
Beta-Binomial precision: 1892.79155318

Iteration: 1600
Number of clusters: 15
DP concentration: 2.78145701363
Beta-Binomial precision: 1928.91215294

Iteration: 1700
Number of clusters: 15
DP concentration: 2.74182332708
Beta-Binomial precision: 1964.91443784

Iteration: 1800
Number of clusters: 14
DP concentration: 1.37379237988
Beta-Binomial precision: 1972.80511219

Iteration: 1900
Number of clusters: 15
DP concentration: 1.87553900722
Beta-Binomial precision: 1778.27455725

Iteration: 2000
Number of clusters: 13
DP concentration: 2.01743009104
Beta-Binomial precision: 1848.79454616

Iteration: 2100
Number of clusters: 14
DP concentration: 1.9006276411
Beta-Binomial precision: 1957.69293248

Iteration: 2200
Number of clusters: 14
DP concentration: 2.2114457661
Beta-Binomial precision: 1822.71466615

Iteration: 2300
Number of clusters: 14
DP concentration: 2.14643817405
Beta-Binomial precision: 1747.56874066

Iteration: 2400
Number of clusters: 13
DP concentration: 1.85755161016
Beta-Binomial precision: 1810.84616002

Iteration: 2500
Number of clusters: 14
DP concentration: 1.3088664577
Beta-Binomial precision: 1663.19716148

Iteration: 2600
Number of clusters: 14
DP concentration: 1.51603047938
Beta-Binomial precision: 1740.22699111

Iteration: 2700
Number of clusters: 13
DP concentration: 2.02233810793
Beta-Binomial precision: 1736.73841543

Iteration: 2800
Number of clusters: 14
DP concentration: 2.126834452
Beta-Binomial precision: 1653.41285681

Iteration: 2900
Number of clusters: 15
DP concentration: 2.92073513505
Beta-Binomial precision: 1767.61750617

Iteration: 3000
Number of clusters: 15
DP concentration: 2.48595749456
Beta-Binomial precision: 1714.4303409

Iteration: 3100
Number of clusters: 17
DP concentration: 2.04713976047
Beta-Binomial precision: 1712.2007814

Iteration: 3200
Number of clusters: 16
DP concentration: 2.05668858812
Beta-Binomial precision: 1635.58835826

Iteration: 3300
Number of clusters: 15
DP concentration: 1.86064398127
Beta-Binomial precision: 1677.39835431

Iteration: 3400
Number of clusters: 14
DP concentration: 1.96185240306
Beta-Binomial precision: 1775.05590615

Iteration: 3500
Number of clusters: 14
DP concentration: 2.21141454006
Beta-Binomial precision: 1747.31647077

Iteration: 3600
Number of clusters: 14
DP concentration: 2.38776441933
Beta-Binomial precision: 1726.8873945

Iteration: 3700
Number of clusters: 14
DP concentration: 2.47299113999
Beta-Binomial precision: 1583.7824721

Iteration: 3800
Number of clusters: 14
DP concentration: 1.49230435746
Beta-Binomial precision: 1455.55143242

Iteration: 3900
Number of clusters: 14
DP concentration: 2.98638576285
Beta-Binomial precision: 1523.49826037

Iteration: 4000
Number of clusters: 14
DP concentration: 2.35640928643
Beta-Binomial precision: 1566.17385212

Iteration: 4100
Number of clusters: 13
DP concentration: 1.82773835763
Beta-Binomial precision: 1510.65117917

Iteration: 4200
Number of clusters: 13
DP concentration: 2.48909289691
Beta-Binomial precision: 1620.35572289

Iteration: 4300
Number of clusters: 13
DP concentration: 2.53249676598
Beta-Binomial precision: 1785.01141564

Iteration: 4400
Number of clusters: 14
DP concentration: 2.73782478402
Beta-Binomial precision: 1914.95268398

Iteration: 4500
Number of clusters: 14
DP concentration: 1.69635072819
Beta-Binomial precision: 1828.08277387

Iteration: 4600
Number of clusters: 14
DP concentration: 1.56043941953
Beta-Binomial precision: 1664.95221442

Iteration: 4700
Number of clusters: 14
DP concentration: 1.96387295475
Beta-Binomial precision: 1589.09060306

Iteration: 4800
Number of clusters: 14
DP concentration: 1.66638626634
Beta-Binomial precision: 1615.73651289

Iteration: 4900
Number of clusters: 14
DP concentration: 2.17618471216
Beta-Binomial precision: 1554.99220146

Iteration: 5000
Number of clusters: 15
DP concentration: 2.79453021608
Beta-Binomial precision: 1522.50349279

Iteration: 5100
Number of clusters: 15
DP concentration: 2.63647396596
Beta-Binomial precision: 1565.94616893

Iteration: 5200
Number of clusters: 16
DP concentration: 2.75391914616
Beta-Binomial precision: 1727.66713132

Iteration: 5300
Number of clusters: 16
DP concentration: 3.11693698237
Beta-Binomial precision: 1608.72021758

Iteration: 5400
Number of clusters: 17
DP concentration: 2.07123977212
Beta-Binomial precision: 1724.55330988

Iteration: 5500
Number of clusters: 15
DP concentration: 2.37112097845
Beta-Binomial precision: 1698.19343904

Iteration: 5600
Number of clusters: 15
DP concentration: 2.19115940021
Beta-Binomial precision: 1807.02763046

Iteration: 5700
Number of clusters: 15
DP concentration: 1.92758572187
Beta-Binomial precision: 1635.70362128

Iteration: 5800
Number of clusters: 15
DP concentration: 2.51239731041
Beta-Binomial precision: 1689.18208099

Iteration: 5900
Number of clusters: 15
DP concentration: 2.80692585576
Beta-Binomial precision: 1726.76223685

Iteration: 6000
Number of clusters: 15
DP concentration: 1.21992725882
Beta-Binomial precision: 1688.61989364

Iteration: 6100
Number of clusters: 15
DP concentration: 1.68023608169
Beta-Binomial precision: 1781.27305153

Iteration: 6200
Number of clusters: 15
DP concentration: 1.69723192482
Beta-Binomial precision: 1672.24669172

Iteration: 6300
Number of clusters: 16
DP concentration: 2.82388169085
Beta-Binomial precision: 1657.6752808

Iteration: 6400
Number of clusters: 16
DP concentration: 1.96275120917
Beta-Binomial precision: 1734.96499636

Iteration: 6500
Number of clusters: 17
DP concentration: 2.26897067694
Beta-Binomial precision: 1802.58323138

Iteration: 6600
Number of clusters: 16
DP concentration: 3.17850035478
Beta-Binomial precision: 1762.28892787

Iteration: 6700
Number of clusters: 15
DP concentration: 2.08678131035
Beta-Binomial precision: 1756.89557876

Iteration: 6800
Number of clusters: 15
DP concentration: 1.72271663518
Beta-Binomial precision: 1852.7415094

Iteration: 6900
Number of clusters: 15
DP concentration: 1.85999629125
Beta-Binomial precision: 1718.8762362

Iteration: 7000
Number of clusters: 15
DP concentration: 3.13543020792
Beta-Binomial precision: 1741.41336881

Iteration: 7100
Number of clusters: 15
DP concentration: 2.64341088448
Beta-Binomial precision: 1786.09293195

Iteration: 7200
Number of clusters: 16
DP concentration: 2.6149194439
Beta-Binomial precision: 1891.18816327

Iteration: 7300
Number of clusters: 15
DP concentration: 2.08651037419
Beta-Bi/home/ec2-user/anaconda3/envs/pyclone/lib/python2.7/site-packages/pyclone/post_process/clusters.py:63: RuntimeWarning: invalid value encountered in sqrt
  std = np.sqrt(var)
/home/ec2-user/anaconda3/envs/pyclone/lib/python2.7/site-packages/pyclone/post_process/loci.py:112: YAMLLoadWarning: calling yaml.load() without Loader=... is deprecated, as the default Loader is unsafe. Please read https://msg.pyyaml.org/load for full details.
  config = yaml.load(fh)
nomial precision: 1898.99191437

Iteration: 7400
Number of clusters: 14
DP concentration: 2.92729917248
Beta-Binomial precision: 1879.1516646

Iteration: 7500
Number of clusters: 14
DP concentration: 3.83562704252
Beta-Binomial precision: 1927.23482312

Iteration: 7600
Number of clusters: 14
DP concentration: 1.78641206957
Beta-Binomial precision: 1854.74074729

Iteration: 7700
Number of clusters: 15
DP concentration: 2.75696472765
Beta-Binomial precision: 1864.57505791

Iteration: 7800
Number of clusters: 15
DP concentration: 2.31999744447
Beta-Binomial precision: 1792.59859134

Iteration: 7900
Number of clusters: 15
DP concentration: 3.21879468336
Beta-Binomial precision: 1819.74901406

Iteration: 8000
Number of clusters: 14
DP concentration: 2.46611234073
Beta-Binomial precision: 1869.50582258

Iteration: 8100
Number of clusters: 15
DP concentration: 2.12898290138
Beta-Binomial precision: 1806.07894387

Iteration: 8200
Number of clusters: 15
DP concentration: 2.36591372789
Beta-Binomial precision: 1804.32128743

Iteration: 8300
Number of clusters: 15
DP concentration: 1.55013008254
Beta-Binomial precision: 1897.98304689

Iteration: 8400
Number of clusters: 14
DP concentration: 1.15783825952
Beta-Binomial precision: 2005.29985502

Iteration: 8500
Number of clusters: 13
DP concentration: 1.50196518943
Beta-Binomial precision: 1911.36713187

Iteration: 8600
Number of clusters: 13
DP concentration: 2.14563051626
Beta-Binomial precision: 2007.60631801

Iteration: 8700
Number of clusters: 13
DP concentration: 1.16917793239
Beta-Binomial precision: 2078.37952733

Iteration: 8800
Number of clusters: 14
DP concentration: 1.65576839344
Beta-Binomial precision: 2057.85727838

Iteration: 8900
Number of clusters: 14
DP concentration: 2.48941051751
Beta-Binomial precision: 2059.82236108

Iteration: 9000
Number of clusters: 14
DP concentration: 2.95426194516
Beta-Binomial precision: 2077.4863597

Iteration: 9100
Number of clusters: 15
DP concentration: 3.17363415731
Beta-Binomial precision: 2131.86654798

Iteration: 9200
Number of clusters: 16
DP concentration: 1.88864850264
Beta-Binomial precision: 2121.6054448

Iteration: 9300
Number of clusters: 16
DP concentration: 2.04585290001
Beta-Binomial precision: 2174.17503847

Iteration: 9400
Number of clusters: 15
DP concentration: 2.91335132249
Beta-Binomial precision: 1999.28460356

Iteration: 9500
Number of clusters: 16
DP concentration: 1.7775923159
Beta-Binomial precision: 1963.69045342

Iteration: 9600
Number of clusters: 15
DP concentration: 2.71130325159
Beta-Binomial precision: 2096.71186387

Iteration: 9700
Number of clusters: 15
DP concentration: 2.80034251593
Beta-Binomial precision: 2170.95710558

Iteration: 9800
Number of clusters: 15
DP concentration: 2.49702484912
Beta-Binomial precision: 2206.96269241

Iteration: 9900
Number of clusters: 15
DP concentration: 2.37354566205
Beta-Binomial precision: 2070.46448386

Traceback (most recent call last):
  File "/home/ec2-user/anaconda3/envs/pyclone/bin/PyClone", line 10, in <module>
    sys.exit(main())
  File "/home/ec2-user/anaconda3/envs/pyclone/lib/python2.7/site-packages/pyclone/cli.py", line 78, in main
    args.func(args)
  File "/home/ec2-user/anaconda3/envs/pyclone/lib/python2.7/site-packages/pyclone/run.py", line 97, in run_analysis_pipeline
    args.thin
  File "/home/ec2-user/anaconda3/envs/pyclone/lib/python2.7/site-packages/pyclone/run.py", line 409, in _cluster_plot
    samples=samples,
  File "/home/ec2-user/anaconda3/envs/pyclone/lib/python2.7/site-packages/pyclone/post_process/plot/clusters.py", line 58, in density_plot
    fig = pp.figure(figsize=(width, height))
  File "/home/ec2-user/.local/lib/python2.7/site-packages/matplotlib/pyplot.py", line 533, in figure
    **kwargs)
  File "/home/ec2-user/.local/lib/python2.7/site-packages/matplotlib/backend_bases.py", line 161, in new_figure_manager
    return cls.new_figure_manager_given_figure(num, fig)
  File "/home/ec2-user/.local/lib/python2.7/site-packages/matplotlib/backends/_backend_tk.py", line 1046, in new_figure_manager_given_figure
    window = Tk.Tk(className="matplotlib")
  File "/home/ec2-user/anaconda3/envs/pyclone/lib/python2.7/lib-tk/Tkinter.py", line 1819, in __init__
    self.tk = _tkinter.create(screenName, baseName, className, interactive, wantobjects, useTk, sync, use)
_tkinter.TclError: no display name and no $DISPLAY environment variable
