Beginning analysis using:
2029 mutations
5 sample(s)

Iteration: 0
Number of clusters: 2029
DP concentration: 1.0
Beta-Binomial precision: 1000

Iteration: 100
Number of clusters: 14
DP concentration: 1.53378404071
Beta-Binomial precision: 758.127728146

Iteration: 200
Number of clusters: 13
DP concentration: 2.84983452274
Beta-Binomial precision: 826.862017152

Iteration: 300
Number of clusters: 12
DP concentration: 1.78155881421
Beta-Binomial precision: 845.316599832

Iteration: 400
Number of clusters: 12
DP concentration: 2.35817975882
Beta-Binomial precision: 880.039885863

Iteration: 500
Number of clusters: 11
DP concentration: 1.41752754935
Beta-Binomial precision: 754.414608095

Iteration: 600
Number of clusters: 11
DP concentration: 1.43818419485
Beta-Binomial precision: 787.102785452

Iteration: 700
Number of clusters: 11
DP concentration: 1.39855227434
Beta-Binomial precision: 750.861772339

Iteration: 800
Number of clusters: 10
DP concentration: 1.28286226416
Beta-Binomial precision: 826.024201335

Iteration: 900
Number of clusters: 11
DP concentration: 0.916493006512
Beta-Binomial precision: 826.834267188

Iteration: 1000
Number of clusters: 10
DP concentration: 1.42938292904
Beta-Binomial precision: 932.72123265

Iteration: 1100
Number of clusters: 10
DP concentration: 1.01356763378
Beta-Binomial precision: 908.191521289

Iteration: 1200
Number of clusters: 10
DP concentration: 0.276451921278
Beta-Binomial precision: 987.159793404

Iteration: 1300
Number of clusters: 10
DP concentration: 1.40475676747
Beta-Binomial precision: 974.624425416

Iteration: 1400
Number of clusters: 10
DP concentration: 2.01962600861
Beta-Binomial precision: 967.252334811

Iteration: 1500
Number of clusters: 10
DP concentration: 1.46846483694
Beta-Binomial precision: 956.723828157

Iteration: 1600
Number of clusters: 11
DP concentration: 0.929723363509
Beta-Binomial precision: 912.902982298

Iteration: 1700
Number of clusters: 10
DP concentration: 0.990926350387
Beta-Binomial precision: 1036.57184517

Iteration: 1800
Number of clusters: 10
DP concentration: 1.66791841528
Beta-Binomial precision: 1041.72774212

Iteration: 1900
Number of clusters: 10
DP concentration: 2.33704494671
Beta-Binomial precision: 1119.56672096

Iteration: 2000
Number of clusters: 11
DP concentration: 2.05538881862
Beta-Binomial precision: 1219.65453235

Iteration: 2100
Number of clusters: 11
DP concentration: 1.64327393161
Beta-Binomial precision: 1209.84770102

Iteration: 2200
Number of clusters: 11
DP concentration: 1.45882745863
Beta-Binomial precision: 1071.34903696

Iteration: 2300
Number of clusters: 11
DP concentration: 1.30784866614
Beta-Binomial precision: 1164.4030493

Iteration: 2400
Number of clusters: 11
DP concentration: 1.00079287293
Beta-Binomial precision: 1369.79486075

Iteration: 2500
Number of clusters: 11
DP concentration: 1.62247389572
Beta-Binomial precision: 1317.84809337

Iteration: 2600
Number of clusters: 11
DP concentration: 1.9689243117
Beta-Binomial precision: 1282.94401138

Iteration: 2700
Number of clusters: 11
DP concentration: 2.00594173557
Beta-Binomial precision: 1055.44342705

Iteration: 2800
Number of clusters: 11
DP concentration: 1.734081033
Beta-Binomial precision: 1039.89427987

Iteration: 2900
Number of clusters: 10
DP concentration: 1.02854131006
Beta-Binomial precision: 1135.11315601

Iteration: 3000
Number of clusters: 10
DP concentration: 0.914465681261
Beta-Binomial precision: 1163.01151534

Iteration: 3100
Number of clusters: 10
DP concentration: 0.842294447831
Beta-Binomial precision: 1119.67775693

Iteration: 3200
Number of clusters: 10
DP concentration: 1.53811141056
Beta-Binomial precision: 1154.95538318

Iteration: 3300
Number of clusters: 10
DP concentration: 1.37036693606
Beta-Binomial precision: 1124.20227857

Iteration: 3400
Number of clusters: 10
DP concentration: 1.00150010518
Beta-Binomial precision: 1146.10407121

Iteration: 3500
Number of clusters: 10
DP concentration: 1.90386379769
Beta-Binomial precision: 960.832130516

Iteration: 3600
Number of clusters: 10
DP concentration: 1.47119912413
Beta-Binomial precision: 968.504755135

Iteration: 3700
Number of clusters: 10
DP concentration: 1.19148417674
Beta-Binomial precision: 1115.81281148

Iteration: 3800
Number of clusters: 11
DP concentration: 2.83679264675
Beta-Binomial precision: 1156.98131833

Iteration: 3900
Number of clusters: 11
DP concentration: 3.78182020225
Beta-Binomial precision: 1120.45541813

Iteration: 4000
Number of clusters: 12
DP concentration: 2.53440375692
Beta-Binomial precision: 1097.08578424

Iteration: 4100
Number of clusters: 10
DP concentration: 0.93370053411
Beta-Binomial precision: 1011.74748457

Iteration: 4200
Number of clusters: 10
DP concentration: 1.64568983683
Beta-Binomial precision: 1040.12891137

Iteration: 4300
Number of clusters: 10
DP concentration: 0.835021696632
Beta-Binomial precision: 1081.53163272

Iteration: 4400
Number of clusters: 11
DP concentration: 0.797360018814
Beta-Binomial precision: 1159.22844421

Iteration: 4500
Number of clusters: 11
DP concentration: 1.47485284347
Beta-Binomial precision: 1195.57391067

Iteration: 4600
Number of clusters: 12
DP concentration: 1.85384433687
Beta-Binomial precision: 1323.69634817

Iteration: 4700
Number of clusters: 12
DP concentration: 1.24502665704
Beta-Binomial precision: 1337.74504835

Iteration: 4800
Number of clusters: 12
DP concentration: 1.76119044635
Beta-Binomial precision: 1231.29237656

Iteration: 4900
Number of clusters: 11
DP concentration: 0.943211754073
Beta-Binomial precision: 1195.59181341

Iteration: 5000
Number of clusters: 11
DP concentration: 1.58622176695
Beta-Binomial precision: 1195.18532417

Iteration: 5100
Number of clusters: 11
DP concentration: 1.92196464201
Beta-Binomial precision: 1217.27920653

Iteration: 5200
Number of clusters: 11
DP concentration: 1.13357499307
Beta-Binomial precision: 1113.97915322

Iteration: 5300
Number of clusters: 12
DP concentration: 1.54781397971
Beta-Binomial precision: 1115.82418749

Iteration: 5400
Number of clusters: 11
DP concentration: 1.03889251575
Beta-Binomial precision: 1219.00462774

Iteration: 5500
Number of clusters: 12
DP concentration: 3.31432030613
Beta-Binomial precision: 1168.62919498

Iteration: 5600
Number of clusters: 13
DP concentration: 1.68667091914
Beta-Binomial precision: 1270.61812857

Iteration: 5700
Number of clusters: 11
DP concentration: 1.49153904552
Beta-Binomial precision: 1243.10888197

Iteration: 5800
Number of clusters: 11
DP concentration: 1.57340326882
Beta-Binomial precision: 1336.59593584

Iteration: 5900
Number of clusters: 11
DP concentration: 1.25741581648
Beta-Binomial precision: 1233.05566014

Iteration: 6000
Number of clusters: 11
DP concentration: 2.42765723983
Beta-Binomial precision: 1236.84338182

Iteration: 6100
Number of clusters: 11
DP concentration: 3.4001779685
Beta-Binomial precision: 1270.41072549

Iteration: 6200
Number of clusters: 12
DP concentration: 1.69434937933
Beta-Binomial precision: 1233.60581554

Iteration: 6300
Number of clusters: 11
DP concentration: 1.40379256876
Beta-Binomial precision: 1248.52826605

Iteration: 6400
Number of clusters: 11
DP concentration: 1.33195428266
Beta-Binomial precision: 1421.23206401

Iteration: 6500
Number of clusters: 11
DP concentration: 1.65307094885
Beta-Binomial precision: 1371.37419431

Iteration: 6600
Number of clusters: 11
DP concentration: 2.07481080715
Beta-Binomial precision: 1306.32951351

Iteration: 6700
Number of clusters: 11
DP concentration: 1.25596608871
Beta-Binomial precision: 1165.58608512

Iteration: 6800
Number of clusters: 11
DP concentration: 1.55299055078
Beta-Binomial precision: 1177.46942995

Iteration: 6900
Number of clusters: 11
DP concentration: 2.47905383549
Beta-Binomial precision: 1166.78895285

Iteration: 7000
Number of clusters: 11
DP concentration: 2.00592751969
Beta-Binomial precision: 1206.20491368

Iteration: 7100
Number of clusters: 11
DP concentration: 1.34603625581
Beta-Binomial precision: 1087.20145841

Iteration: 7200
Number of clusters: 10
DP concentration: 1.4272195882
Beta-Binomial precision: 1080.74109041

Iteration: 7300
Number of clusters: 12
DP concentration: 1.617/home/ec2-user/anaconda3/envs/pyclone/lib/python2.7/site-packages/pyclone/post_process/clusters.py:63: RuntimeWarning: invalid value encountered in sqrt
  std = np.sqrt(var)
/home/ec2-user/anaconda3/envs/pyclone/lib/python2.7/site-packages/pyclone/post_process/loci.py:112: YAMLLoadWarning: calling yaml.load() without Loader=... is deprecated, as the default Loader is unsafe. Please read https://msg.pyyaml.org/load for full details.
  config = yaml.load(fh)
70442517
Beta-Binomial precision: 1155.8825604

Iteration: 7400
Number of clusters: 11
DP concentration: 1.59179716613
Beta-Binomial precision: 1332.5411286

Iteration: 7500
Number of clusters: 11
DP concentration: 1.0880924996
Beta-Binomial precision: 1385.28179532

Iteration: 7600
Number of clusters: 11
DP concentration: 0.764745690845
Beta-Binomial precision: 1380.33317456

Iteration: 7700
Number of clusters: 11
DP concentration: 1.59037353771
Beta-Binomial precision: 1196.8828773

Iteration: 7800
Number of clusters: 12
DP concentration: 2.41845472242
Beta-Binomial precision: 1240.36468635

Iteration: 7900
Number of clusters: 11
DP concentration: 1.9798135029
Beta-Binomial precision: 1323.30370064

Iteration: 8000
Number of clusters: 12
DP concentration: 1.78069215232
Beta-Binomial precision: 1186.64256728

Iteration: 8100
Number of clusters: 11
DP concentration: 1.61945626027
Beta-Binomial precision: 1137.79797048

Iteration: 8200
Number of clusters: 10
DP concentration: 2.59785397502
Beta-Binomial precision: 1159.37247223

Iteration: 8300
Number of clusters: 10
DP concentration: 1.12584519841
Beta-Binomial precision: 1108.28702998

Iteration: 8400
Number of clusters: 10
DP concentration: 0.599288426466
Beta-Binomial precision: 1074.75211397

Iteration: 8500
Number of clusters: 10
DP concentration: 2.45363832806
Beta-Binomial precision: 1080.36154695

Iteration: 8600
Number of clusters: 10
DP concentration: 1.55295324142
Beta-Binomial precision: 1067.16861375

Iteration: 8700
Number of clusters: 10
DP concentration: 0.494995973929
Beta-Binomial precision: 1013.00377519

Iteration: 8800
Number of clusters: 11
DP concentration: 1.51782532567
Beta-Binomial precision: 960.322576418

Iteration: 8900
Number of clusters: 10
DP concentration: 1.08980400607
Beta-Binomial precision: 989.059593004

Iteration: 9000
Number of clusters: 10
DP concentration: 1.30512631968
Beta-Binomial precision: 1043.37285736

Iteration: 9100
Number of clusters: 10
DP concentration: 1.58657205391
Beta-Binomial precision: 1228.1477525

Iteration: 9200
Number of clusters: 10
DP concentration: 1.42911893167
Beta-Binomial precision: 1142.54055368

Iteration: 9300
Number of clusters: 10
DP concentration: 1.18334378645
Beta-Binomial precision: 1198.30050056

Iteration: 9400
Number of clusters: 10
DP concentration: 1.65905922446
Beta-Binomial precision: 1186.08938818

Iteration: 9500
Number of clusters: 10
DP concentration: 1.51129145083
Beta-Binomial precision: 1187.46518603

Iteration: 9600
Number of clusters: 10
DP concentration: 1.23582741527
Beta-Binomial precision: 1080.9238705

Iteration: 9700
Number of clusters: 10
DP concentration: 1.2464533829
Beta-Binomial precision: 1156.86593421

Iteration: 9800
Number of clusters: 10
DP concentration: 0.752445953923
Beta-Binomial precision: 1048.17493307

Iteration: 9900
Number of clusters: 10
DP concentration: 1.13870293528
Beta-Binomial precision: 1044.38805143

Traceback (most recent call last):
  File "/home/ec2-user/anaconda3/envs/pyclone/bin/PyClone", line 10, in <module>
    sys.exit(main())
  File "/home/ec2-user/anaconda3/envs/pyclone/lib/python2.7/site-packages/pyclone/cli.py", line 78, in main
    args.func(args)
  File "/home/ec2-user/anaconda3/envs/pyclone/lib/python2.7/site-packages/pyclone/run.py", line 97, in run_analysis_pipeline
    args.thin
  File "/home/ec2-user/anaconda3/envs/pyclone/lib/python2.7/site-packages/pyclone/run.py", line 409, in _cluster_plot
    samples=samples,
  File "/home/ec2-user/anaconda3/envs/pyclone/lib/python2.7/site-packages/pyclone/post_process/plot/clusters.py", line 58, in density_plot
    fig = pp.figure(figsize=(width, height))
  File "/home/ec2-user/.local/lib/python2.7/site-packages/matplotlib/pyplot.py", line 533, in figure
    **kwargs)
  File "/home/ec2-user/.local/lib/python2.7/site-packages/matplotlib/backend_bases.py", line 161, in new_figure_manager
    return cls.new_figure_manager_given_figure(num, fig)
  File "/home/ec2-user/.local/lib/python2.7/site-packages/matplotlib/backends/_backend_tk.py", line 1046, in new_figure_manager_given_figure
    window = Tk.Tk(className="matplotlib")
  File "/home/ec2-user/anaconda3/envs/pyclone/lib/python2.7/lib-tk/Tkinter.py", line 1819, in __init__
    self.tk = _tkinter.create(screenName, baseName, className, interactive, wantobjects, useTk, sync, use)
_tkinter.TclError: no display name and no $DISPLAY environment variable
